#
# A fatal error has been detected by the Java Runtime Environment:
#
#  SIGSEGV (0xb) at pc=0x00007f45fbe4c964, pid=19668, tid=19708
#
# JRE version: Java(TM) SE Runtime Environment (11.0.5+10) (build 11.0.5+10-LTS)
# Java VM: Java HotSpot(TM) 64-Bit Server VM (11.0.5+10-LTS, mixed mode, tiered, compressed oops, g1 gc, linux-amd64)
# Problematic frame:
# V  [libjvm.so+0x7e9964]  Node_Backward_Iterator::next()+0x134
#
# No core dump will be written. Core dumps have been disabled. To enable core dumping, try "ulimit -c unlimited" before starting Java again
#
# If you would like to submit a bug report, please visit:
#   http://bugreport.java.com/bugreport/crash.jsp
#

---------------  S U M M A R Y ------------

Command Line: -Dclassworlds.conf=/usr/lib/jvm/maven3/bin/m2.conf -Dmaven.home=/usr/lib/jvm/maven3 -Dlibrary.jansi.path=/usr/lib/jvm/maven3/lib/jansi-native -Dmaven.multiModuleProjectDirectory=/home/rob/github/ebean-dir/querybean-generator org.codehaus.plexus.classworlds.launcher.Launcher release:perform

Host: Intel(R) Core(TM) i7-7700HQ CPU @ 2.80GHz, 8 cores, 31G, Linux Mint 18.1 Serena
Time: Tue Sep  8 13:13:12 2020 NZST elapsed time: 2 seconds (0d 0h 0m 2s)

---------------  T H R E A D  ---------------

Current thread (0x00007f4594310000):  JavaThread "C2 CompilerThread2" daemon [_thread_in_native, id=19708, stack(0x00007f45b65cb000,0x00007f45b66cc000)]


Current CompileTask:
C2:   2083 2724       4       org.codehaus.plexus.util.xml.pull.MXParser::nextImpl (1202 bytes)

Stack: [0x00007f45b65cb000,0x00007f45b66cc000],  sp=0x00007f45b66c7390,  free space=1008k
Native frames: (J=compiled Java code, A=aot compiled Java code, j=interpreted, Vv=VM code, C=native code)
V  [libjvm.so+0x7e9964]  Node_Backward_Iterator::next()+0x134
V  [libjvm.so+0x7ebd59]  PhaseCFG::schedule_late(VectorSet&, Node_Stack&)+0x89
V  [libjvm.so+0x7ef4f5]  PhaseCFG::global_code_motion()+0x315
V  [libjvm.so+0x7efe3a]  PhaseCFG::do_global_code_motion()+0x4a
V  [libjvm.so+0x6397e5]  Compile::Code_Gen()+0x1d5
V  [libjvm.so+0x63ce00]  Compile::Compile(ciEnv*, C2Compiler*, ciMethod*, int, bool, bool, bool, DirectiveSet*)+0xc80
V  [libjvm.so+0x54866c]  C2Compiler::compile_method(ciEnv*, ciMethod*, int, DirectiveSet*)+0xbc
V  [libjvm.so+0x646e8c]  CompileBroker::invoke_compiler_on_method(CompileTask*)+0x4fc
V  [libjvm.so+0x6487b8]  CompileBroker::compiler_thread_loop()+0x598
V  [libjvm.so+0xdc6fed]  JavaThread::thread_main_inner()+0x21d
V  [libjvm.so+0xdc7397]  JavaThread::run()+0x377
V  [libjvm.so+0xc0b020]  thread_native_entry(Thread*)+0xf0


siginfo: si_signo: 11 (SIGSEGV), si_code: 1 (SEGV_MAPERR), si_addr: 0x00007f4a1cc6d790

Register to memory mapping:

RAX=0x000000009415b9f8 is an unknown value
RBX=0x00007f45b66c7400 is pointing into the stack for thread: 0x00007f4594310000
RCX=0x00007f457c057250 points into unknown readable memory: 00 4a 16 a0 45 7f 00 00
RDX=0x00007f457c1907d0 points into unknown readable memory: 78 67 38 94 45 7f 00 00
RSP=0x00007f45b66c7390 is pointing into the stack for thread: 0x00007f4594310000
RBP=0x00007f45b66c73d0 is pointing into the stack for thread: 0x00007f4594310000
RSI=0x000000000000002e is an unknown value
RDI=0x0000000000000033 is an unknown value
R8 =0xfffffffffffffffe is an unknown value
R9 =0x00007f458835bfe0 points into unknown readable memory: f0 be 35 88 45 7f 00 00
R10=0x0 is NULL
R11=0x00007f45942fd6e0 points into unknown readable memory: 02 00 00 00 00 00 00 00
R12=0x0000000000000018 is an unknown value
R13=0x00007f459415ad18 points into unknown readable memory: b0 3d a4 fc 45 7f 00 00
R14=0x00007f457c057250 points into unknown readable memory: 00 4a 16 a0 45 7f 00 00
R15=0x0000000000000003 is an unknown value


Registers:
RAX=0x000000009415b9f8, RBX=0x00007f45b66c7400, RCX=0x00007f457c057250, RDX=0x00007f457c1907d0
RSP=0x00007f45b66c7390, RBP=0x00007f45b66c73d0, RSI=0x000000000000002e, RDI=0x0000000000000033
R8 =0xfffffffffffffffe, R9 =0x00007f458835bfe0, R10=0x0000000000000000, R11=0x00007f45942fd6e0
R12=0x0000000000000018, R13=0x00007f459415ad18, R14=0x00007f457c057250, R15=0x0000000000000003
RIP=0x00007f45fbe4c964, EFLAGS=0x0000000000010293, CSGSFS=0x0000000000000033, ERR=0x0000000000000004
  TRAPNO=0x000000000000000e

Top of Stack: (sp=0x00007f45b66c7390)
0x00007f45b66c7390:   00007f45889ba301 3f6726fa0000002e
0x00007f45b66c73a0:   00007f45b66c73c0 00007f458835bf50
0x00007f45b66c73b0:   00007f459415aef0 00007f458835c0a0
0x00007f45b66c73c0:   00007f459415aef0 00007f45b66c78c0 

Instructions: (pc=0x00007f45fbe4c964)
0x00007f45fbe4c944:   89 f1 83 e2 0f 66 83 fa 08 75 0a 49 8b 46 08 48
0x00007f45fbe4c954:   8b 08 8b 41 28 48 8b 53 10 8b 75 c8 48 8b 52 78
0x00007f45fbe4c964:   48 8b 04 c2 3b 70 68 77 1f 75 0d 0f b7 41 2c 83
0x00007f45fbe4c974:   e0 0f 66 83 f8 0c 74 10 4c 89 f7 e8 3c a2 3e 00 

Stack slot to memory mapping:
stack at sp + 0 slots: 0x00007f45889ba301 points into unknown readable memory: 00 00 00 00 00 00 00
stack at sp + 1 slots: 0x3f6726fa0000002e is an unknown value
stack at sp + 2 slots: 0x00007f45b66c73c0 is pointing into the stack for thread: 0x00007f4594310000
stack at sp + 3 slots: 0x00007f458835bf50 points into unknown readable memory: 48 6d 9a fc 45 7f 00 00
stack at sp + 4 slots: 0x00007f459415aef0 points into unknown readable memory: 98 6f 9c fc 45 7f 00 00
stack at sp + 5 slots: 0x00007f458835c0a0 points into unknown readable memory: 48 6d 9a fc 45 7f 00 00
stack at sp + 6 slots: 0x00007f459415aef0 points into unknown readable memory: 98 6f 9c fc 45 7f 00 00
stack at sp + 7 slots: 0x00007f45b66c78c0 is pointing into the stack for thread: 0x00007f4594310000


---------------  P R O C E S S  ---------------

Threads class SMR info:
_java_thread_list=0x00007f4594311b90, length=11, elements={
0x00007f45f4011800, 0x00007f45f4267000, 0x00007f45f426b000, 0x00007f45f427d800,
0x00007f45f427f800, 0x00007f45f4282000, 0x00007f45f4284000, 0x00007f45f431b800,
0x00007f45f432a000, 0x00007f459441f800, 0x00007f4594310000
}

Java Threads: ( => current thread )
  0x00007f45f4011800 JavaThread "main" [_thread_in_vm, id=19691, stack(0x00007f45fd7fe000,0x00007f45fd8ff000)]
  0x00007f45f4267000 JavaThread "Reference Handler" daemon [_thread_blocked, id=19698, stack(0x00007f45dc223000,0x00007f45dc324000)]
  0x00007f45f426b000 JavaThread "Finalizer" daemon [_thread_blocked, id=19699, stack(0x00007f45dc122000,0x00007f45dc223000)]
  0x00007f45f427d800 JavaThread "Signal Dispatcher" daemon [_thread_blocked, id=19700, stack(0x00007f45dc021000,0x00007f45dc122000)]
  0x00007f45f427f800 JavaThread "C2 CompilerThread0" daemon [_thread_in_native, id=19701, stack(0x00007f45c41b5000,0x00007f45c42b6000)]
  0x00007f45f4282000 JavaThread "C1 CompilerThread0" daemon [_thread_blocked, id=19702, stack(0x00007f45c40b4000,0x00007f45c41b5000)]
  0x00007f45f4284000 JavaThread "Sweeper thread" daemon [_thread_blocked, id=19703, stack(0x00007f45b76ff000,0x00007f45b7800000)]
  0x00007f45f431b800 JavaThread "Service Thread" daemon [_thread_blocked, id=19704, stack(0x00007f45b75fe000,0x00007f45b76ff000)]
  0x00007f45f432a000 JavaThread "Common-Cleaner" daemon [_thread_blocked, id=19706, stack(0x00007f45b73fc000,0x00007f45b74fd000)]
  0x00007f459441f800 JavaThread "C2 CompilerThread1" daemon [_thread_in_native, id=19707, stack(0x00007f45b68cc000,0x00007f45b69cd000)]
=>0x00007f4594310000 JavaThread "C2 CompilerThread2" daemon [_thread_in_native, id=19708, stack(0x00007f45b65cb000,0x00007f45b66cc000)]

Other Threads:
  0x00007f45f425f000 VMThread "VM Thread" [stack: 0x00007f45dc325000,0x00007f45dc425000] [id=19697]
  0x00007f45f4320800 WatcherThread [stack: 0x00007f45b74fe000,0x00007f45b75fe000] [id=19705]
  0x00007f45f4039800 GCTaskThread "GC Thread#0" [stack: 0x00007f45f9ddd000,0x00007f45f9edd000] [id=19692]
  0x00007f45ac001000 GCTaskThread "GC Thread#1" [stack: 0x00007f45b64cb000,0x00007f45b65cb000] [id=19709]
  0x00007f45ac002800 GCTaskThread "GC Thread#2" [stack: 0x00007f45b63ca000,0x00007f45b64ca000] [id=19710]
  0x00007f45ac004000 GCTaskThread "GC Thread#3" [stack: 0x00007f45b62c9000,0x00007f45b63c9000] [id=19711]
  0x00007f45ac006000 GCTaskThread "GC Thread#4" [stack: 0x00007f45b61c8000,0x00007f45b62c8000] [id=19712]
  0x00007f45ac008000 GCTaskThread "GC Thread#5" [stack: 0x00007f45b60c7000,0x00007f45b61c7000] [id=19713]
  0x00007f45ac009800 GCTaskThread "GC Thread#6" [stack: 0x00007f45b5fc6000,0x00007f45b60c6000] [id=19714]
  0x00007f45ac00b800 GCTaskThread "GC Thread#7" [stack: 0x00007f45b5ec5000,0x00007f45b5fc5000] [id=19715]
  0x00007f45f4074000 ConcurrentGCThread "G1 Main Marker" [stack: 0x00007f45f8420000,0x00007f45f8520000] [id=19693]
  0x00007f45f4075800 ConcurrentGCThread "G1 Conc#0" [stack: 0x00007f45f831f000,0x00007f45f841f000] [id=19694]
  0x00007f45c0001000 ConcurrentGCThread "G1 Conc#1" [stack: 0x00007f45b55c4000,0x00007f45b56c4000] [id=19726]
  0x00007f45f41fa000 ConcurrentGCThread "G1 Refine#0" [stack: 0x00007f45dc603000,0x00007f45dc703000] [id=19695]
  0x00007f45f41fc000 ConcurrentGCThread "G1 Young RemSet Sampling" [stack: 0x00007f45dc502000,0x00007f45dc602000] [id=19696]

Threads with active compile tasks:
C2 CompilerThread02637       4       org.apache.maven.model.Dependency::getManagementKey (94 bytes)
C2 CompilerThread12589       4       org.eclipse.sisu.inject.LocatedBeans$Itr::hasNext (161 bytes)
C2 CompilerThread22724       4       org.codehaus.plexus.util.xml.pull.MXParser::nextImpl (1202 bytes)

VM state:not at safepoint (normal execution)

VM Mutex/Monitor currently owned by a thread: None

Heap address: 0x0000000609e00000, size: 8034 MB, Compressed Oops mode: Zero based, Oop shift amount: 3
Narrow klass base: 0x0000000800000000, Narrow klass shift: 0
Compressed class space size: 1073741824 Address: 0x0000000800000000

Heap:
 garbage-first heap   total 516096K, used 12059K [0x0000000609e00000, 0x0000000800000000)
  region size 2048K, 7 young (14336K), 4 survivors (8192K)
 Metaspace       used 20604K, capacity 20916K, committed 21376K, reserved 1069056K
  class space    used 2190K, capacity 2312K, committed 2432K, reserved 1048576K
Heap Regions: E=young(eden), S=young(survivor), O=old, HS=humongous(starts), HC=humongous(continues), CS=collection set, F=free, A=archive, TAMS=top-at-mark-start (previous, next)
|   0|0x0000000609e00000, 0x0000000609e00000, 0x000000060a000000|  0%| F|  |TAMS 0x0000000609e00000, 0x0000000609e00000| Untracked 
|   1|0x000000060a000000, 0x000000060a000000, 0x000000060a200000|  0%| F|  |TAMS 0x000000060a000000, 0x000000060a000000| Untracked 
|   2|0x000000060a200000, 0x000000060a200000, 0x000000060a400000|  0%| F|  |TAMS 0x000000060a200000, 0x000000060a200000| Untracked 
|   3|0x000000060a400000, 0x000000060a400000, 0x000000060a600000|  0%| F|  |TAMS 0x000000060a400000, 0x000000060a400000| Untracked 
|   4|0x000000060a600000, 0x000000060a600000, 0x000000060a800000|  0%| F|  |TAMS 0x000000060a600000, 0x000000060a600000| Untracked 
|   5|0x000000060a800000, 0x000000060a800000, 0x000000060aa00000|  0%| F|  |TAMS 0x000000060a800000, 0x000000060a800000| Untracked 
|   6|0x000000060aa00000, 0x000000060aa00000, 0x000000060ac00000|  0%| F|  |TAMS 0x000000060aa00000, 0x000000060aa00000| Untracked 
|   7|0x000000060ac00000, 0x000000060ac00000, 0x000000060ae00000|  0%| F|  |TAMS 0x000000060ac00000, 0x000000060ac00000| Untracked 
|   8|0x000000060ae00000, 0x000000060ae00000, 0x000000060b000000|  0%| F|  |TAMS 0x000000060ae00000, 0x000000060ae00000| Untracked 
|   9|0x000000060b000000, 0x000000060b000000, 0x000000060b200000|  0%| F|  |TAMS 0x000000060b000000, 0x000000060b000000| Untracked 
|  10|0x000000060b200000, 0x000000060b200000, 0x000000060b400000|  0%| F|  |TAMS 0x000000060b200000, 0x000000060b200000| Untracked 
|  11|0x000000060b400000, 0x000000060b400000, 0x000000060b600000|  0%| F|  |TAMS 0x000000060b400000, 0x000000060b400000| Untracked 
|  12|0x000000060b600000, 0x000000060b600000, 0x000000060b800000|  0%| F|  |TAMS 0x000000060b600000, 0x000000060b600000| Untracked 
|  13|0x000000060b800000, 0x000000060b800000, 0x000000060ba00000|  0%| F|  |TAMS 0x000000060b800000, 0x000000060b800000| Untracked 
|  14|0x000000060ba00000, 0x000000060ba00000, 0x000000060bc00000|  0%| F|  |TAMS 0x000000060ba00000, 0x000000060ba00000| Untracked 
|  15|0x000000060bc00000, 0x000000060bc00000, 0x000000060be00000|  0%| F|  |TAMS 0x000000060bc00000, 0x000000060bc00000| Untracked 
|  16|0x000000060be00000, 0x000000060be00000, 0x000000060c000000|  0%| F|  |TAMS 0x000000060be00000, 0x000000060be00000| Untracked 
|  17|0x000000060c000000, 0x000000060c000000, 0x000000060c200000|  0%| F|  |TAMS 0x000000060c000000, 0x000000060c000000| Untracked 
|  18|0x000000060c200000, 0x000000060c200000, 0x000000060c400000|  0%| F|  |TAMS 0x000000060c200000, 0x000000060c200000| Untracked 
|  19|0x000000060c400000, 0x000000060c400000, 0x000000060c600000|  0%| F|  |TAMS 0x000000060c400000, 0x000000060c400000| Untracked 
|  20|0x000000060c600000, 0x000000060c600000, 0x000000060c800000|  0%| F|  |TAMS 0x000000060c600000, 0x000000060c600000| Untracked 
|  21|0x000000060c800000, 0x000000060c800000, 0x000000060ca00000|  0%| F|  |TAMS 0x000000060c800000, 0x000000060c800000| Untracked 
|  22|0x000000060ca00000, 0x000000060ca00000, 0x000000060cc00000|  0%| F|  |TAMS 0x000000060ca00000, 0x000000060ca00000| Untracked 
|  23|0x000000060cc00000, 0x000000060cc00000, 0x000000060ce00000|  0%| F|  |TAMS 0x000000060cc00000, 0x000000060cc00000| Untracked 
|  24|0x000000060ce00000, 0x000000060ce00000, 0x000000060d000000|  0%| F|  |TAMS 0x000000060ce00000, 0x000000060ce00000| Untracked 
|  25|0x000000060d000000, 0x000000060d000000, 0x000000060d200000|  0%| F|  |TAMS 0x000000060d000000, 0x000000060d000000| Untracked 
|  26|0x000000060d200000, 0x000000060d200000, 0x000000060d400000|  0%| F|  |TAMS 0x000000060d200000, 0x000000060d200000| Untracked 
|  27|0x000000060d400000, 0x000000060d400000, 0x000000060d600000|  0%| F|  |TAMS 0x000000060d400000, 0x000000060d400000| Untracked 
|  28|0x000000060d600000, 0x000000060d600000, 0x000000060d800000|  0%| F|  |TAMS 0x000000060d600000, 0x000000060d600000| Untracked 
|  29|0x000000060d800000, 0x000000060d800000, 0x000000060da00000|  0%| F|  |TAMS 0x000000060d800000, 0x000000060d800000| Untracked 
|  30|0x000000060da00000, 0x000000060da00000, 0x000000060dc00000|  0%| F|  |TAMS 0x000000060da00000, 0x000000060da00000| Untracked 
|  31|0x000000060dc00000, 0x000000060dc00000, 0x000000060de00000|  0%| F|  |TAMS 0x000000060dc00000, 0x000000060dc00000| Untracked 
|  32|0x000000060de00000, 0x000000060de00000, 0x000000060e000000|  0%| F|  |TAMS 0x000000060de00000, 0x000000060de00000| Untracked 
|  33|0x000000060e000000, 0x000000060e000000, 0x000000060e200000|  0%| F|  |TAMS 0x000000060e000000, 0x000000060e000000| Untracked 
|  34|0x000000060e200000, 0x000000060e200000, 0x000000060e400000|  0%| F|  |TAMS 0x000000060e200000, 0x000000060e200000| Untracked 
|  35|0x000000060e400000, 0x000000060e400000, 0x000000060e600000|  0%| F|  |TAMS 0x000000060e400000, 0x000000060e400000| Untracked 
|  36|0x000000060e600000, 0x000000060e600000, 0x000000060e800000|  0%| F|  |TAMS 0x000000060e600000, 0x000000060e600000| Untracked 
|  37|0x000000060e800000, 0x000000060e800000, 0x000000060ea00000|  0%| F|  |TAMS 0x000000060e800000, 0x000000060e800000| Untracked 
|  38|0x000000060ea00000, 0x000000060ea00000, 0x000000060ec00000|  0%| F|  |TAMS 0x000000060ea00000, 0x000000060ea00000| Untracked 
|  39|0x000000060ec00000, 0x000000060ec00000, 0x000000060ee00000|  0%| F|  |TAMS 0x000000060ec00000, 0x000000060ec00000| Untracked 
|  40|0x000000060ee00000, 0x000000060ee00000, 0x000000060f000000|  0%| F|  |TAMS 0x000000060ee00000, 0x000000060ee00000| Untracked 
|  41|0x000000060f000000, 0x000000060f000000, 0x000000060f200000|  0%| F|  |TAMS 0x000000060f000000, 0x000000060f000000| Untracked 
|  42|0x000000060f200000, 0x000000060f200000, 0x000000060f400000|  0%| F|  |TAMS 0x000000060f200000, 0x000000060f200000| Untracked 
|  43|0x000000060f400000, 0x000000060f400000, 0x000000060f600000|  0%| F|  |TAMS 0x000000060f400000, 0x000000060f400000| Untracked 
|  44|0x000000060f600000, 0x000000060f600000, 0x000000060f800000|  0%| F|  |TAMS 0x000000060f600000, 0x000000060f600000| Untracked 
|  45|0x000000060f800000, 0x000000060f800000, 0x000000060fa00000|  0%| F|  |TAMS 0x000000060f800000, 0x000000060f800000| Untracked 
|  46|0x000000060fa00000, 0x000000060fa00000, 0x000000060fc00000|  0%| F|  |TAMS 0x000000060fa00000, 0x000000060fa00000| Untracked 
|  47|0x000000060fc00000, 0x000000060fc00000, 0x000000060fe00000|  0%| F|  |TAMS 0x000000060fc00000, 0x000000060fc00000| Untracked 
|  48|0x000000060fe00000, 0x000000060fe00000, 0x0000000610000000|  0%| F|  |TAMS 0x000000060fe00000, 0x000000060fe00000| Untracked 
|  49|0x0000000610000000, 0x0000000610000000, 0x0000000610200000|  0%| F|  |TAMS 0x0000000610000000, 0x0000000610000000| Untracked 
|  50|0x0000000610200000, 0x0000000610200000, 0x0000000610400000|  0%| F|  |TAMS 0x0000000610200000, 0x0000000610200000| Untracked 
|  51|0x0000000610400000, 0x0000000610400000, 0x0000000610600000|  0%| F|  |TAMS 0x0000000610400000, 0x0000000610400000| Untracked 
|  52|0x0000000610600000, 0x0000000610600000, 0x0000000610800000|  0%| F|  |TAMS 0x0000000610600000, 0x0000000610600000| Untracked 
|  53|0x0000000610800000, 0x0000000610800000, 0x0000000610a00000|  0%| F|  |TAMS 0x0000000610800000, 0x0000000610800000| Untracked 
|  54|0x0000000610a00000, 0x0000000610a00000, 0x0000000610c00000|  0%| F|  |TAMS 0x0000000610a00000, 0x0000000610a00000| Untracked 
|  55|0x0000000610c00000, 0x0000000610c00000, 0x0000000610e00000|  0%| F|  |TAMS 0x0000000610c00000, 0x0000000610c00000| Untracked 
|  56|0x0000000610e00000, 0x0000000610e00000, 0x0000000611000000|  0%| F|  |TAMS 0x0000000610e00000, 0x0000000610e00000| Untracked 
|  57|0x0000000611000000, 0x0000000611000000, 0x0000000611200000|  0%| F|  |TAMS 0x0000000611000000, 0x0000000611000000| Untracked 
|  58|0x0000000611200000, 0x0000000611200000, 0x0000000611400000|  0%| F|  |TAMS 0x0000000611200000, 0x0000000611200000| Untracked 
|  59|0x0000000611400000, 0x0000000611400000, 0x0000000611600000|  0%| F|  |TAMS 0x0000000611400000, 0x0000000611400000| Untracked 
|  60|0x0000000611600000, 0x0000000611600000, 0x0000000611800000|  0%| F|  |TAMS 0x0000000611600000, 0x0000000611600000| Untracked 
|  61|0x0000000611800000, 0x0000000611800000, 0x0000000611a00000|  0%| F|  |TAMS 0x0000000611800000, 0x0000000611800000| Untracked 
|  62|0x0000000611a00000, 0x0000000611a00000, 0x0000000611c00000|  0%| F|  |TAMS 0x0000000611a00000, 0x0000000611a00000| Untracked 
|  63|0x0000000611c00000, 0x0000000611c00000, 0x0000000611e00000|  0%| F|  |TAMS 0x0000000611c00000, 0x0000000611c00000| Untracked 
|  64|0x0000000611e00000, 0x0000000611e00000, 0x0000000612000000|  0%| F|  |TAMS 0x0000000611e00000, 0x0000000611e00000| Untracked 
|  65|0x0000000612000000, 0x0000000612000000, 0x0000000612200000|  0%| F|  |TAMS 0x0000000612000000, 0x0000000612000000| Untracked 
|  66|0x0000000612200000, 0x0000000612200000, 0x0000000612400000|  0%| F|  |TAMS 0x0000000612200000, 0x0000000612200000| Untracked 
|  67|0x0000000612400000, 0x0000000612400000, 0x0000000612600000|  0%| F|  |TAMS 0x0000000612400000, 0x0000000612400000| Untracked 
|  68|0x0000000612600000, 0x0000000612600000, 0x0000000612800000|  0%| F|  |TAMS 0x0000000612600000, 0x0000000612600000| Untracked 
|  69|0x0000000612800000, 0x0000000612800000, 0x0000000612a00000|  0%| F|  |TAMS 0x0000000612800000, 0x0000000612800000| Untracked 
|  70|0x0000000612a00000, 0x0000000612a00000, 0x0000000612c00000|  0%| F|  |TAMS 0x0000000612a00000, 0x0000000612a00000| Untracked 
|  71|0x0000000612c00000, 0x0000000612c00000, 0x0000000612e00000|  0%| F|  |TAMS 0x0000000612c00000, 0x0000000612c00000| Untracked 
|  72|0x0000000612e00000, 0x0000000612e00000, 0x0000000613000000|  0%| F|  |TAMS 0x0000000612e00000, 0x0000000612e00000| Untracked 
|  73|0x0000000613000000, 0x0000000613000000, 0x0000000613200000|  0%| F|  |TAMS 0x0000000613000000, 0x0000000613000000| Untracked 
|  74|0x0000000613200000, 0x0000000613200000, 0x0000000613400000|  0%| F|  |TAMS 0x0000000613200000, 0x0000000613200000| Untracked 
|  75|0x0000000613400000, 0x0000000613400000, 0x0000000613600000|  0%| F|  |TAMS 0x0000000613400000, 0x0000000613400000| Untracked 
|  76|0x0000000613600000, 0x0000000613600000, 0x0000000613800000|  0%| F|  |TAMS 0x0000000613600000, 0x0000000613600000| Untracked 
|  77|0x0000000613800000, 0x0000000613800000, 0x0000000613a00000|  0%| F|  |TAMS 0x0000000613800000, 0x0000000613800000| Untracked 
|  78|0x0000000613a00000, 0x0000000613a00000, 0x0000000613c00000|  0%| F|  |TAMS 0x0000000613a00000, 0x0000000613a00000| Untracked 
|  79|0x0000000613c00000, 0x0000000613c00000, 0x0000000613e00000|  0%| F|  |TAMS 0x0000000613c00000, 0x0000000613c00000| Untracked 
|  80|0x0000000613e00000, 0x0000000613e00000, 0x0000000614000000|  0%| F|  |TAMS 0x0000000613e00000, 0x0000000613e00000| Untracked 
|  81|0x0000000614000000, 0x0000000614000000, 0x0000000614200000|  0%| F|  |TAMS 0x0000000614000000, 0x0000000614000000| Untracked 
|  82|0x0000000614200000, 0x0000000614200000, 0x0000000614400000|  0%| F|  |TAMS 0x0000000614200000, 0x0000000614200000| Untracked 
|  83|0x0000000614400000, 0x0000000614400000, 0x0000000614600000|  0%| F|  |TAMS 0x0000000614400000, 0x0000000614400000| Untracked 
|  84|0x0000000614600000, 0x0000000614600000, 0x0000000614800000|  0%| F|  |TAMS 0x0000000614600000, 0x0000000614600000| Untracked 
|  85|0x0000000614800000, 0x0000000614800000, 0x0000000614a00000|  0%| F|  |TAMS 0x0000000614800000, 0x0000000614800000| Untracked 
|  86|0x0000000614a00000, 0x0000000614a00000, 0x0000000614c00000|  0%| F|  |TAMS 0x0000000614a00000, 0x0000000614a00000| Untracked 
|  87|0x0000000614c00000, 0x0000000614c00000, 0x0000000614e00000|  0%| F|  |TAMS 0x0000000614c00000, 0x0000000614c00000| Untracked 
|  88|0x0000000614e00000, 0x0000000614e00000, 0x0000000615000000|  0%| F|  |TAMS 0x0000000614e00000, 0x0000000614e00000| Untracked 
|  89|0x0000000615000000, 0x0000000615000000, 0x0000000615200000|  0%| F|  |TAMS 0x0000000615000000, 0x0000000615000000| Untracked 
|  90|0x0000000615200000, 0x0000000615200000, 0x0000000615400000|  0%| F|  |TAMS 0x0000000615200000, 0x0000000615200000| Untracked 
|  91|0x0000000615400000, 0x0000000615400000, 0x0000000615600000|  0%| F|  |TAMS 0x0000000615400000, 0x0000000615400000| Untracked 
|  92|0x0000000615600000, 0x0000000615600000, 0x0000000615800000|  0%| F|  |TAMS 0x0000000615600000, 0x0000000615600000| Untracked 
|  93|0x0000000615800000, 0x0000000615800000, 0x0000000615a00000|  0%| F|  |TAMS 0x0000000615800000, 0x0000000615800000| Untracked 
|  94|0x0000000615a00000, 0x0000000615a00000, 0x0000000615c00000|  0%| F|  |TAMS 0x0000000615a00000, 0x0000000615a00000| Untracked 
|  95|0x0000000615c00000, 0x0000000615c00000, 0x0000000615e00000|  0%| F|  |TAMS 0x0000000615c00000, 0x0000000615c00000| Untracked 
|  96|0x0000000615e00000, 0x0000000615e00000, 0x0000000616000000|  0%| F|  |TAMS 0x0000000615e00000, 0x0000000615e00000| Untracked 
|  97|0x0000000616000000, 0x0000000616000000, 0x0000000616200000|  0%| F|  |TAMS 0x0000000616000000, 0x0000000616000000| Untracked 
|  98|0x0000000616200000, 0x0000000616200000, 0x0000000616400000|  0%| F|  |TAMS 0x0000000616200000, 0x0000000616200000| Untracked 
|  99|0x0000000616400000, 0x0000000616400000, 0x0000000616600000|  0%| F|  |TAMS 0x0000000616400000, 0x0000000616400000| Untracked 
| 100|0x0000000616600000, 0x0000000616600000, 0x0000000616800000|  0%| F|  |TAMS 0x0000000616600000, 0x0000000616600000| Untracked 
| 101|0x0000000616800000, 0x0000000616800000, 0x0000000616a00000|  0%| F|  |TAMS 0x0000000616800000, 0x0000000616800000| Untracked 
| 102|0x0000000616a00000, 0x0000000616a00000, 0x0000000616c00000|  0%| F|  |TAMS 0x0000000616a00000, 0x0000000616a00000| Untracked 
| 103|0x0000000616c00000, 0x0000000616c00000, 0x0000000616e00000|  0%| F|  |TAMS 0x0000000616c00000, 0x0000000616c00000| Untracked 
| 104|0x0000000616e00000, 0x0000000616e00000, 0x0000000617000000|  0%| F|  |TAMS 0x0000000616e00000, 0x0000000616e00000| Untracked 
| 105|0x0000000617000000, 0x0000000617000000, 0x0000000617200000|  0%| F|  |TAMS 0x0000000617000000, 0x0000000617000000| Untracked 
| 106|0x0000000617200000, 0x0000000617200000, 0x0000000617400000|  0%| F|  |TAMS 0x0000000617200000, 0x0000000617200000| Untracked 
| 107|0x0000000617400000, 0x0000000617400000, 0x0000000617600000|  0%| F|  |TAMS 0x0000000617400000, 0x0000000617400000| Untracked 
| 108|0x0000000617600000, 0x0000000617600000, 0x0000000617800000|  0%| F|  |TAMS 0x0000000617600000, 0x0000000617600000| Untracked 
| 109|0x0000000617800000, 0x0000000617800000, 0x0000000617a00000|  0%| F|  |TAMS 0x0000000617800000, 0x0000000617800000| Untracked 
| 110|0x0000000617a00000, 0x0000000617a00000, 0x0000000617c00000|  0%| F|  |TAMS 0x0000000617a00000, 0x0000000617a00000| Untracked 
| 111|0x0000000617c00000, 0x0000000617c00000, 0x0000000617e00000|  0%| F|  |TAMS 0x0000000617c00000, 0x0000000617c00000| Untracked 
| 112|0x0000000617e00000, 0x0000000617e00000, 0x0000000618000000|  0%| F|  |TAMS 0x0000000617e00000, 0x0000000617e00000| Untracked 
| 113|0x0000000618000000, 0x0000000618000000, 0x0000000618200000|  0%| F|  |TAMS 0x0000000618000000, 0x0000000618000000| Untracked 
| 114|0x0000000618200000, 0x0000000618200000, 0x0000000618400000|  0%| F|  |TAMS 0x0000000618200000, 0x0000000618200000| Untracked 
| 115|0x0000000618400000, 0x0000000618400000, 0x0000000618600000|  0%| F|  |TAMS 0x0000000618400000, 0x0000000618400000| Untracked 
| 116|0x0000000618600000, 0x0000000618600000, 0x0000000618800000|  0%| F|  |TAMS 0x0000000618600000, 0x0000000618600000| Untracked 
| 117|0x0000000618800000, 0x0000000618800000, 0x0000000618a00000|  0%| F|  |TAMS 0x0000000618800000, 0x0000000618800000| Untracked 
| 118|0x0000000618a00000, 0x0000000618a00000, 0x0000000618c00000|  0%| F|  |TAMS 0x0000000618a00000, 0x0000000618a00000| Untracked 
| 119|0x0000000618c00000, 0x0000000618c00000, 0x0000000618e00000|  0%| F|  |TAMS 0x0000000618c00000, 0x0000000618c00000| Untracked 
| 120|0x0000000618e00000, 0x0000000618e00000, 0x0000000619000000|  0%| F|  |TAMS 0x0000000618e00000, 0x0000000618e00000| Untracked 
| 121|0x0000000619000000, 0x0000000619000000, 0x0000000619200000|  0%| F|  |TAMS 0x0000000619000000, 0x0000000619000000| Untracked 
| 122|0x0000000619200000, 0x0000000619200000, 0x0000000619400000|  0%| F|  |TAMS 0x0000000619200000, 0x0000000619200000| Untracked 
| 123|0x0000000619400000, 0x0000000619400000, 0x0000000619600000|  0%| F|  |TAMS 0x0000000619400000, 0x0000000619400000| Untracked 
| 124|0x0000000619600000, 0x0000000619600000, 0x0000000619800000|  0%| F|  |TAMS 0x0000000619600000, 0x0000000619600000| Untracked 
| 125|0x0000000619800000, 0x0000000619800000, 0x0000000619a00000|  0%| F|  |TAMS 0x0000000619800000, 0x0000000619800000| Untracked 
| 126|0x0000000619a00000, 0x0000000619a00000, 0x0000000619c00000|  0%| F|  |TAMS 0x0000000619a00000, 0x0000000619a00000| Untracked 
| 127|0x0000000619c00000, 0x0000000619c00000, 0x0000000619e00000|  0%| F|  |TAMS 0x0000000619c00000, 0x0000000619c00000| Untracked 
| 128|0x0000000619e00000, 0x0000000619e00000, 0x000000061a000000|  0%| F|  |TAMS 0x0000000619e00000, 0x0000000619e00000| Untracked 
| 129|0x000000061a000000, 0x000000061a000000, 0x000000061a200000|  0%| F|  |TAMS 0x000000061a000000, 0x000000061a000000| Untracked 
| 130|0x000000061a200000, 0x000000061a200000, 0x000000061a400000|  0%| F|  |TAMS 0x000000061a200000, 0x000000061a200000| Untracked 
| 131|0x000000061a400000, 0x000000061a400000, 0x000000061a600000|  0%| F|  |TAMS 0x000000061a400000, 0x000000061a400000| Untracked 
| 132|0x000000061a600000, 0x000000061a600000, 0x000000061a800000|  0%| F|  |TAMS 0x000000061a600000, 0x000000061a600000| Untracked 
| 133|0x000000061a800000, 0x000000061a800000, 0x000000061aa00000|  0%| F|  |TAMS 0x000000061a800000, 0x000000061a800000| Untracked 
| 134|0x000000061aa00000, 0x000000061aa00000, 0x000000061ac00000|  0%| F|  |TAMS 0x000000061aa00000, 0x000000061aa00000| Untracked 
| 135|0x000000061ac00000, 0x000000061ac00000, 0x000000061ae00000|  0%| F|  |TAMS 0x000000061ac00000, 0x000000061ac00000| Untracked 
| 136|0x000000061ae00000, 0x000000061ae00000, 0x000000061b000000|  0%| F|  |TAMS 0x000000061ae00000, 0x000000061ae00000| Untracked 
| 137|0x000000061b000000, 0x000000061b000000, 0x000000061b200000|  0%| F|  |TAMS 0x000000061b000000, 0x000000061b000000| Untracked 
| 138|0x000000061b200000, 0x000000061b200000, 0x000000061b400000|  0%| F|  |TAMS 0x000000061b200000, 0x000000061b200000| Untracked 
| 139|0x000000061b400000, 0x000000061b400000, 0x000000061b600000|  0%| F|  |TAMS 0x000000061b400000, 0x000000061b400000| Untracked 
| 140|0x000000061b600000, 0x000000061b600000, 0x000000061b800000|  0%| F|  |TAMS 0x000000061b600000, 0x000000061b600000| Untracked 
| 141|0x000000061b800000, 0x000000061b800000, 0x000000061ba00000|  0%| F|  |TAMS 0x000000061b800000, 0x000000061b800000| Untracked 
| 142|0x000000061ba00000, 0x000000061ba00000, 0x000000061bc00000|  0%| F|  |TAMS 0x000000061ba00000, 0x000000061ba00000| Untracked 
| 143|0x000000061bc00000, 0x000000061bc00000, 0x000000061be00000|  0%| F|  |TAMS 0x000000061bc00000, 0x000000061bc00000| Untracked 
| 144|0x000000061be00000, 0x000000061be00000, 0x000000061c000000|  0%| F|  |TAMS 0x000000061be00000, 0x000000061be00000| Untracked 
| 145|0x000000061c000000, 0x000000061c000000, 0x000000061c200000|  0%| F|  |TAMS 0x000000061c000000, 0x000000061c000000| Untracked 
| 146|0x000000061c200000, 0x000000061c200000, 0x000000061c400000|  0%| F|  |TAMS 0x000000061c200000, 0x000000061c200000| Untracked 
| 147|0x000000061c400000, 0x000000061c400000, 0x000000061c600000|  0%| F|  |TAMS 0x000000061c400000, 0x000000061c400000| Untracked 
| 148|0x000000061c600000, 0x000000061c600000, 0x000000061c800000|  0%| F|  |TAMS 0x000000061c600000, 0x000000061c600000| Untracked 
| 149|0x000000061c800000, 0x000000061c800000, 0x000000061ca00000|  0%| F|  |TAMS 0x000000061c800000, 0x000000061c800000| Untracked 
| 150|0x000000061ca00000, 0x000000061ca00000, 0x000000061cc00000|  0%| F|  |TAMS 0x000000061ca00000, 0x000000061ca00000| Untracked 
| 151|0x000000061cc00000, 0x000000061cc00000, 0x000000061ce00000|  0%| F|  |TAMS 0x000000061cc00000, 0x000000061cc00000| Untracked 
| 152|0x000000061ce00000, 0x000000061ce00000, 0x000000061d000000|  0%| F|  |TAMS 0x000000061ce00000, 0x000000061ce00000| Untracked 
| 153|0x000000061d000000, 0x000000061d000000, 0x000000061d200000|  0%| F|  |TAMS 0x000000061d000000, 0x000000061d000000| Untracked 
| 154|0x000000061d200000, 0x000000061d200000, 0x000000061d400000|  0%| F|  |TAMS 0x000000061d200000, 0x000000061d200000| Untracked 
| 155|0x000000061d400000, 0x000000061d400000, 0x000000061d600000|  0%| F|  |TAMS 0x000000061d400000, 0x000000061d400000| Untracked 
| 156|0x000000061d600000, 0x000000061d600000, 0x000000061d800000|  0%| F|  |TAMS 0x000000061d600000, 0x000000061d600000| Untracked 
| 157|0x000000061d800000, 0x000000061d800000, 0x000000061da00000|  0%| F|  |TAMS 0x000000061d800000, 0x000000061d800000| Untracked 
| 158|0x000000061da00000, 0x000000061da00000, 0x000000061dc00000|  0%| F|  |TAMS 0x000000061da00000, 0x000000061da00000| Untracked 
| 159|0x000000061dc00000, 0x000000061dc00000, 0x000000061de00000|  0%| F|  |TAMS 0x000000061dc00000, 0x000000061dc00000| Untracked 
| 160|0x000000061de00000, 0x000000061de00000, 0x000000061e000000|  0%| F|  |TAMS 0x000000061de00000, 0x000000061de00000| Untracked 
| 161|0x000000061e000000, 0x000000061e000000, 0x000000061e200000|  0%| F|  |TAMS 0x000000061e000000, 0x000000061e000000| Untracked 
| 162|0x000000061e200000, 0x000000061e200000, 0x000000061e400000|  0%| F|  |TAMS 0x000000061e200000, 0x000000061e200000| Untracked 
| 163|0x000000061e400000, 0x000000061e400000, 0x000000061e600000|  0%| F|  |TAMS 0x000000061e400000, 0x000000061e400000| Untracked 
| 164|0x000000061e600000, 0x000000061e600000, 0x000000061e800000|  0%| F|  |TAMS 0x000000061e600000, 0x000000061e600000| Untracked 
| 165|0x000000061e800000, 0x000000061e800000, 0x000000061ea00000|  0%| F|  |TAMS 0x000000061e800000, 0x000000061e800000| Untracked 
| 166|0x000000061ea00000, 0x000000061ea00000, 0x000000061ec00000|  0%| F|  |TAMS 0x000000061ea00000, 0x000000061ea00000| Untracked 
| 167|0x000000061ec00000, 0x000000061ec00000, 0x000000061ee00000|  0%| F|  |TAMS 0x000000061ec00000, 0x000000061ec00000| Untracked 
| 168|0x000000061ee00000, 0x000000061ee00000, 0x000000061f000000|  0%| F|  |TAMS 0x000000061ee00000, 0x000000061ee00000| Untracked 
| 169|0x000000061f000000, 0x000000061f000000, 0x000000061f200000|  0%| F|  |TAMS 0x000000061f000000, 0x000000061f000000| Untracked 
| 170|0x000000061f200000, 0x000000061f200000, 0x000000061f400000|  0%| F|  |TAMS 0x000000061f200000, 0x000000061f200000| Untracked 
| 171|0x000000061f400000, 0x000000061f400000, 0x000000061f600000|  0%| F|  |TAMS 0x000000061f400000, 0x000000061f400000| Untracked 
| 172|0x000000061f600000, 0x000000061f600000, 0x000000061f800000|  0%| F|  |TAMS 0x000000061f600000, 0x000000061f600000| Untracked 
| 173|0x000000061f800000, 0x000000061f800000, 0x000000061fa00000|  0%| F|  |TAMS 0x000000061f800000, 0x000000061f800000| Untracked 
| 174|0x000000061fa00000, 0x000000061fa00000, 0x000000061fc00000|  0%| F|  |TAMS 0x000000061fa00000, 0x000000061fa00000| Untracked 
| 175|0x000000061fc00000, 0x000000061fc00000, 0x000000061fe00000|  0%| F|  |TAMS 0x000000061fc00000, 0x000000061fc00000| Untracked 
| 176|0x000000061fe00000, 0x000000061fe00000, 0x0000000620000000|  0%| F|  |TAMS 0x000000061fe00000, 0x000000061fe00000| Untracked 
| 177|0x0000000620000000, 0x0000000620000000, 0x0000000620200000|  0%| F|  |TAMS 0x0000000620000000, 0x0000000620000000| Untracked 
| 178|0x0000000620200000, 0x0000000620200000, 0x0000000620400000|  0%| F|  |TAMS 0x0000000620200000, 0x0000000620200000| Untracked 
| 179|0x0000000620400000, 0x0000000620400000, 0x0000000620600000|  0%| F|  |TAMS 0x0000000620400000, 0x0000000620400000| Untracked 
| 180|0x0000000620600000, 0x0000000620600000, 0x0000000620800000|  0%| F|  |TAMS 0x0000000620600000, 0x0000000620600000| Untracked 
| 181|0x0000000620800000, 0x0000000620800000, 0x0000000620a00000|  0%| F|  |TAMS 0x0000000620800000, 0x0000000620800000| Untracked 
| 182|0x0000000620a00000, 0x0000000620a00000, 0x0000000620c00000|  0%| F|  |TAMS 0x0000000620a00000, 0x0000000620a00000| Untracked 
| 183|0x0000000620c00000, 0x0000000620c00000, 0x0000000620e00000|  0%| F|  |TAMS 0x0000000620c00000, 0x0000000620c00000| Untracked 
| 184|0x0000000620e00000, 0x0000000620e00000, 0x0000000621000000|  0%| F|  |TAMS 0x0000000620e00000, 0x0000000620e00000| Untracked 
| 185|0x0000000621000000, 0x0000000621000000, 0x0000000621200000|  0%| F|  |TAMS 0x0000000621000000, 0x0000000621000000| Untracked 
| 186|0x0000000621200000, 0x0000000621200000, 0x0000000621400000|  0%| F|  |TAMS 0x0000000621200000, 0x0000000621200000| Untracked 
| 187|0x0000000621400000, 0x0000000621400000, 0x0000000621600000|  0%| F|  |TAMS 0x0000000621400000, 0x0000000621400000| Untracked 
| 188|0x0000000621600000, 0x0000000621600000, 0x0000000621800000|  0%| F|  |TAMS 0x0000000621600000, 0x0000000621600000| Untracked 
| 189|0x0000000621800000, 0x0000000621800000, 0x0000000621a00000|  0%| F|  |TAMS 0x0000000621800000, 0x0000000621800000| Untracked 
| 190|0x0000000621a00000, 0x0000000621a00000, 0x0000000621c00000|  0%| F|  |TAMS 0x0000000621a00000, 0x0000000621a00000| Untracked 
| 191|0x0000000621c00000, 0x0000000621c00000, 0x0000000621e00000|  0%| F|  |TAMS 0x0000000621c00000, 0x0000000621c00000| Untracked 
| 192|0x0000000621e00000, 0x0000000621e00000, 0x0000000622000000|  0%| F|  |TAMS 0x0000000621e00000, 0x0000000621e00000| Untracked 
| 193|0x0000000622000000, 0x0000000622000000, 0x0000000622200000|  0%| F|  |TAMS 0x0000000622000000, 0x0000000622000000| Untracked 
| 194|0x0000000622200000, 0x0000000622200000, 0x0000000622400000|  0%| F|  |TAMS 0x0000000622200000, 0x0000000622200000| Untracked 
| 195|0x0000000622400000, 0x0000000622400000, 0x0000000622600000|  0%| F|  |TAMS 0x0000000622400000, 0x0000000622400000| Untracked 
| 196|0x0000000622600000, 0x0000000622600000, 0x0000000622800000|  0%| F|  |TAMS 0x0000000622600000, 0x0000000622600000| Untracked 
| 197|0x0000000622800000, 0x0000000622800000, 0x0000000622a00000|  0%| F|  |TAMS 0x0000000622800000, 0x0000000622800000| Untracked 
| 198|0x0000000622a00000, 0x0000000622a00000, 0x0000000622c00000|  0%| F|  |TAMS 0x0000000622a00000, 0x0000000622a00000| Untracked 
| 199|0x0000000622c00000, 0x0000000622c00000, 0x0000000622e00000|  0%| F|  |TAMS 0x0000000622c00000, 0x0000000622c00000| Untracked 
| 200|0x0000000622e00000, 0x0000000622e00000, 0x0000000623000000|  0%| F|  |TAMS 0x0000000622e00000, 0x0000000622e00000| Untracked 
| 201|0x0000000623000000, 0x0000000623000000, 0x0000000623200000|  0%| F|  |TAMS 0x0000000623000000, 0x0000000623000000| Untracked 
| 202|0x0000000623200000, 0x0000000623200000, 0x0000000623400000|  0%| F|  |TAMS 0x0000000623200000, 0x0000000623200000| Untracked 
| 203|0x0000000623400000, 0x0000000623400000, 0x0000000623600000|  0%| F|  |TAMS 0x0000000623400000, 0x0000000623400000| Untracked 
| 204|0x0000000623600000, 0x0000000623600000, 0x0000000623800000|  0%| F|  |TAMS 0x0000000623600000, 0x0000000623600000| Untracked 
| 205|0x0000000623800000, 0x0000000623800000, 0x0000000623a00000|  0%| F|  |TAMS 0x0000000623800000, 0x0000000623800000| Untracked 
| 206|0x0000000623a00000, 0x0000000623a00000, 0x0000000623c00000|  0%| F|  |TAMS 0x0000000623a00000, 0x0000000623a00000| Untracked 
| 207|0x0000000623c00000, 0x0000000623dc6d00, 0x0000000623e00000| 88%| S|CS|TAMS 0x0000000623c00000, 0x0000000623c00000| Complete 
| 208|0x0000000623e00000, 0x0000000624000000, 0x0000000624000000|100%| S|CS|TAMS 0x0000000623e00000, 0x0000000623e00000| Complete 
| 209|0x0000000624000000, 0x0000000624200000, 0x0000000624200000|100%| S|CS|TAMS 0x0000000624000000, 0x0000000624000000| Complete 
| 210|0x0000000624200000, 0x0000000624400000, 0x0000000624400000|100%| S|CS|TAMS 0x0000000624200000, 0x0000000624200000| Complete 
| 211|0x0000000624400000, 0x0000000624400000, 0x0000000624600000|  0%| F|  |TAMS 0x0000000624400000, 0x0000000624400000| Untracked 
| 212|0x0000000624600000, 0x0000000624600000, 0x0000000624800000|  0%| F|  |TAMS 0x0000000624600000, 0x0000000624600000| Untracked 
| 213|0x0000000624800000, 0x0000000624800000, 0x0000000624a00000|  0%| F|  |TAMS 0x0000000624800000, 0x0000000624800000| Untracked 
| 214|0x0000000624a00000, 0x0000000624a00000, 0x0000000624c00000|  0%| F|  |TAMS 0x0000000624a00000, 0x0000000624a00000| Untracked 
| 215|0x0000000624c00000, 0x0000000624c00000, 0x0000000624e00000|  0%| F|  |TAMS 0x0000000624c00000, 0x0000000624c00000| Untracked 
| 216|0x0000000624e00000, 0x0000000624e00000, 0x0000000625000000|  0%| F|  |TAMS 0x0000000624e00000, 0x0000000624e00000| Untracked 
| 217|0x0000000625000000, 0x0000000625000000, 0x0000000625200000|  0%| F|  |TAMS 0x0000000625000000, 0x0000000625000000| Untracked 
| 218|0x0000000625200000, 0x0000000625200000, 0x0000000625400000|  0%| F|  |TAMS 0x0000000625200000, 0x0000000625200000| Untracked 
| 219|0x0000000625400000, 0x0000000625400000, 0x0000000625600000|  0%| F|  |TAMS 0x0000000625400000, 0x0000000625400000| Untracked 
| 220|0x0000000625600000, 0x0000000625600000, 0x0000000625800000|  0%| F|  |TAMS 0x0000000625600000, 0x0000000625600000| Untracked 
| 221|0x0000000625800000, 0x0000000625800000, 0x0000000625a00000|  0%| F|  |TAMS 0x0000000625800000, 0x0000000625800000| Untracked 
| 222|0x0000000625a00000, 0x0000000625a00000, 0x0000000625c00000|  0%| F|  |TAMS 0x0000000625a00000, 0x0000000625a00000| Untracked 
| 223|0x0000000625c00000, 0x0000000625c00000, 0x0000000625e00000|  0%| F|  |TAMS 0x0000000625c00000, 0x0000000625c00000| Untracked 
| 224|0x0000000625e00000, 0x0000000625e00000, 0x0000000626000000|  0%| F|  |TAMS 0x0000000625e00000, 0x0000000625e00000| Untracked 
| 225|0x0000000626000000, 0x0000000626000000, 0x0000000626200000|  0%| F|  |TAMS 0x0000000626000000, 0x0000000626000000| Untracked 
| 226|0x0000000626200000, 0x0000000626200000, 0x0000000626400000|  0%| F|  |TAMS 0x0000000626200000, 0x0000000626200000| Untracked 
| 227|0x0000000626400000, 0x0000000626400000, 0x0000000626600000|  0%| F|  |TAMS 0x0000000626400000, 0x0000000626400000| Untracked 
| 228|0x0000000626600000, 0x0000000626600000, 0x0000000626800000|  0%| F|  |TAMS 0x0000000626600000, 0x0000000626600000| Untracked 
| 229|0x0000000626800000, 0x0000000626800000, 0x0000000626a00000|  0%| F|  |TAMS 0x0000000626800000, 0x0000000626800000| Untracked 
| 230|0x0000000626a00000, 0x0000000626a00000, 0x0000000626c00000|  0%| F|  |TAMS 0x0000000626a00000, 0x0000000626a00000| Untracked 
| 231|0x0000000626c00000, 0x0000000626c00000, 0x0000000626e00000|  0%| F|  |TAMS 0x0000000626c00000, 0x0000000626c00000| Untracked 
| 232|0x0000000626e00000, 0x0000000626e00000, 0x0000000627000000|  0%| F|  |TAMS 0x0000000626e00000, 0x0000000626e00000| Untracked 
| 233|0x0000000627000000, 0x0000000627000000, 0x0000000627200000|  0%| F|  |TAMS 0x0000000627000000, 0x0000000627000000| Untracked 
| 234|0x0000000627200000, 0x0000000627200000, 0x0000000627400000|  0%| F|  |TAMS 0x0000000627200000, 0x0000000627200000| Untracked 
| 235|0x0000000627400000, 0x0000000627400000, 0x0000000627600000|  0%| F|  |TAMS 0x0000000627400000, 0x0000000627400000| Untracked 
| 236|0x0000000627600000, 0x0000000627600000, 0x0000000627800000|  0%| F|  |TAMS 0x0000000627600000, 0x0000000627600000| Untracked 
| 237|0x0000000627800000, 0x0000000627800000, 0x0000000627a00000|  0%| F|  |TAMS 0x0000000627800000, 0x0000000627800000| Untracked 
| 238|0x0000000627a00000, 0x0000000627a00000, 0x0000000627c00000|  0%| F|  |TAMS 0x0000000627a00000, 0x0000000627a00000| Untracked 
| 239|0x0000000627c00000, 0x0000000627c00000, 0x0000000627e00000|  0%| F|  |TAMS 0x0000000627c00000, 0x0000000627c00000| Untracked 
| 240|0x0000000627e00000, 0x0000000627e00000, 0x0000000628000000|  0%| F|  |TAMS 0x0000000627e00000, 0x0000000627e00000| Untracked 
| 241|0x0000000628000000, 0x0000000628000000, 0x0000000628200000|  0%| F|  |TAMS 0x0000000628000000, 0x0000000628000000| Untracked 
| 242|0x0000000628200000, 0x0000000628200000, 0x0000000628400000|  0%| F|  |TAMS 0x0000000628200000, 0x0000000628200000| Untracked 
| 243|0x0000000628400000, 0x0000000628400000, 0x0000000628600000|  0%| F|  |TAMS 0x0000000628400000, 0x0000000628400000| Untracked 
| 244|0x0000000628600000, 0x0000000628600000, 0x0000000628800000|  0%| F|  |TAMS 0x0000000628600000, 0x0000000628600000| Untracked 
| 245|0x0000000628800000, 0x0000000628800000, 0x0000000628a00000|  0%| F|  |TAMS 0x0000000628800000, 0x0000000628800000| Untracked 
| 246|0x0000000628a00000, 0x0000000628a00000, 0x0000000628c00000|  0%| F|  |TAMS 0x0000000628a00000, 0x0000000628a00000| Untracked 
| 247|0x0000000628c00000, 0x0000000628c00000, 0x0000000628e00000|  0%| F|  |TAMS 0x0000000628c00000, 0x0000000628c00000| Untracked 
| 248|0x0000000628e00000, 0x0000000628e00000, 0x0000000629000000|  0%| F|  |TAMS 0x0000000628e00000, 0x0000000628e00000| Untracked 
| 249|0x0000000629000000, 0x0000000629100800, 0x0000000629200000| 50%| E|  |TAMS 0x0000000629000000, 0x0000000629000000| Complete 
| 250|0x0000000629200000, 0x0000000629400000, 0x0000000629400000|100%| E|CS|TAMS 0x0000000629200000, 0x0000000629200000| Complete 
| 251|0x0000000629400000, 0x0000000629600000, 0x0000000629600000|100%| E|CS|TAMS 0x0000000629400000, 0x0000000629400000| Complete 

Card table byte_map: [0x00007f45d704f000,0x00007f45d8000000] _byte_map_base: 0x00007f45d4000000

Marking Bits (Prev, Next): (CMBitMap*) 0x00007f45f4063550, (CMBitMap*) 0x00007f45f4063518
 Prev Bits: [0x00007f45c658e000, 0x00007f45ce316000)
 Next Bits: [0x00007f45ce316000, 0x00007f45d609e000)

Polling page: 0x00007f45fd92c000

Metaspace:

Usage:
  Non-class:     18.17 MB capacity,    17.99 MB ( 99%) used,   167.42 KB ( <1%) free+waste,    23.00 KB ( <1%) overhead. 
      Class:      2.26 MB capacity,     2.14 MB ( 95%) used,   113.95 KB (  5%) free+waste,     9.06 KB ( <1%) overhead. 
       Both:     20.43 MB capacity,    20.13 MB ( 99%) used,   281.38 KB (  1%) free+waste,    32.06 KB ( <1%) overhead. 

Virtual space:
  Non-class space:       20.00 MB reserved,      18.50 MB ( 92%) committed 
      Class space:        1.00 GB reserved,       2.38 MB ( <1%) committed 
             Both:        1.02 GB reserved,      20.88 MB (  2%) committed 

Chunk freelists:
   Non-Class:  32.00 KB
       Class:  2.75 KB
        Both:  34.75 KB

CodeHeap 'non-profiled nmethods': size=120032Kb used=1279Kb max_used=1279Kb free=118753Kb
 bounds [0x00007f45e46d0000, 0x00007f45e4940000, 0x00007f45ebc08000]
CodeHeap 'profiled nmethods': size=120028Kb used=5642Kb max_used=5642Kb free=114385Kb
 bounds [0x00007f45dd199000, 0x00007f45dd729000, 0x00007f45e46d0000]
CodeHeap 'non-nmethods': size=5700Kb used=1097Kb max_used=1133Kb free=4603Kb
 bounds [0x00007f45dcc08000, 0x00007f45dce78000, 0x00007f45dd199000]
 total_blobs=3782 nmethods=2763 adapters=320
 compilation: enabled
              stopped_count=0, restarted_count=0
 full_count=0

Compilation events (10 events):
Event: 2.064 Thread 0x00007f45f4282000 2742       3       java.util.HashMap$KeySet::size (8 bytes)
Event: 2.064 Thread 0x00007f45f4282000 nmethod 2742 0x00007f45dd715a10 code [0x00007f45dd715bc0, 0x00007f45dd715d30]
Event: 2.064 Thread 0x00007f45f4282000 2728       1       java.util.zip.ZipFile$ZipFileInputStream::size (5 bytes)
Event: 2.064 Thread 0x00007f45f4282000 nmethod 2728 0x00007f45e4808e90 code [0x00007f45e4809040, 0x00007f45e4809150]
Event: 2.064 Thread 0x00007f45f4282000 2730   !   3       sun.nio.cs.StreamDecoder::readBytes (289 bytes)
Event: 2.065 Thread 0x00007f45f4282000 nmethod 2730 0x00007f45dd715e10 code [0x00007f45dd716140, 0x00007f45dd7171c8]
Event: 2.066 Thread 0x00007f45f4282000 2743       1       org.codehaus.plexus.configuration.DefaultPlexusConfiguration::getValue (5 bytes)
Event: 2.066 Thread 0x00007f45f4282000 nmethod 2743 0x00007f45e4809190 code [0x00007f45e4809340, 0x00007f45e4809450]
Event: 2.066 Thread 0x00007f45f4282000 2744       1       org.apache.maven.plugin.descriptor.Parameter::getName (5 bytes)
Event: 2.066 Thread 0x00007f45f4282000 nmethod 2744 0x00007f45e4809510 code [0x00007f45e48096c0, 0x00007f45e48097d0]

GC Heap History (4 events):
Event: 0.629 GC heap before
{Heap before GC invocations=0 (full 0):
 garbage-first heap   total 516096K, used 24576K [0x0000000609e00000, 0x0000000800000000)
  region size 2048K, 12 young (24576K), 0 survivors (0K)
 Metaspace       used 12414K, capacity 12597K, committed 12928K, reserved 1060864K
  class space    used 1251K, capacity 1348K, committed 1408K, reserved 1048576K
}
Event: 0.653 GC heap after
{Heap after GC invocations=1 (full 0):
 garbage-first heap   total 516096K, used 3456K [0x0000000609e00000, 0x0000000800000000)
  region size 2048K, 2 young (4096K), 2 survivors (4096K)
 Metaspace       used 12414K, capacity 12597K, committed 12928K, reserved 1060864K
  class space    used 1251K, capacity 1348K, committed 1408K, reserved 1048576K
}
Event: 1.966 GC heap before
{Heap before GC invocations=1 (full 0):
 garbage-first heap   total 516096K, used 81280K [0x0000000609e00000, 0x0000000800000000)
  region size 2048K, 41 young (83968K), 2 survivors (4096K)
 Metaspace       used 20452K, capacity 20756K, committed 21248K, reserved 1069056K
  class space    used 2173K, capacity 2280K, committed 2304K, reserved 1048576K
}
Event: 1.983 GC heap after
{Heap after GC invocations=2 (full 0):
 garbage-first heap   total 516096K, used 7963K [0x0000000609e00000, 0x0000000800000000)
  region size 2048K, 4 young (8192K), 4 survivors (8192K)
 Metaspace       used 20452K, capacity 20756K, committed 21248K, reserved 1069056K
  class space    used 2173K, capacity 2280K, committed 2304K, reserved 1048576K
}

Deoptimization events (10 events):
Event: 1.570 Thread 0x00007f45f4011800 Uncommon trap: reason=unstable_if action=reinterpret pc=0x00007f45e478e728 method=org.codehaus.plexus.util.xml.pull.MXParser.nextImpl()I @ 972 c2
Event: 1.608 Thread 0x00007f45f4011800 Uncommon trap: reason=unstable_if action=reinterpret pc=0x00007f45e473d904 method=java.lang.String.regionMatches(ZILjava/lang/String;II)Z @ 21 c2
Event: 1.753 Thread 0x00007f45f4011800 Uncommon trap: reason=unstable_if action=reinterpret pc=0x00007f45e46e5d14 method=java.lang.StringCoding.hasNegatives([BII)Z @ 12 c2
Event: 1.754 Thread 0x00007f45f4011800 Uncommon trap: reason=unstable_if action=reinterpret pc=0x00007f45e471122c method=sun.nio.cs.UTF_8$Decoder.decodeArrayLoop(Ljava/nio/ByteBuffer;Ljava/nio/CharBuffer;)Ljava/nio/charset/CoderResult; @ 84 c2
Event: 1.789 Thread 0x00007f45f4011800 Uncommon trap: reason=unstable_if action=reinterpret pc=0x00007f45e47992b8 method=org.codehaus.plexus.util.xml.pull.MXParser.nextImpl()I @ 310 c2
Event: 1.813 Thread 0x00007f45f4011800 Uncommon trap: reason=unstable_if action=reinterpret pc=0x00007f45e47c57bc method=org.apache.maven.model.ConfigurationContainer.setLocation(Ljava/lang/Object;Lorg/apache/maven/model/InputLocation;)V @ 19 c2
Event: 1.846 Thread 0x00007f45f4011800 Uncommon trap: reason=bimorphic_or_optimized_type_check action=maybe_recompile pc=0x00007f45e4790770 method=java.util.HashMap.putVal(ILjava/lang/Object;Ljava/lang/Object;ZZ)Ljava/lang/Object; @ 203 c2
Event: 1.915 Thread 0x00007f45f4011800 Uncommon trap: reason=bimorphic_or_optimized_type_check action=maybe_recompile pc=0x00007f45e4790770 method=java.util.HashMap.putVal(ILjava/lang/Object;Ljava/lang/Object;ZZ)Ljava/lang/Object; @ 203 c2
Event: 2.040 Thread 0x00007f45f4011800 Uncommon trap: reason=unstable_if action=reinterpret pc=0x00007f45e47f2580 method=org.codehaus.plexus.util.xml.pull.MXParser.nextImpl()I @ 1161 c2
Event: 2.060 Thread 0x00007f45f4011800 Uncommon trap: reason=intrinsic_or_type_checked_inlining action=make_not_entrant pc=0x00007f45e47e4cec method=java.util.Arrays.copyOf([Ljava/lang/Object;ILjava/lang/Class;)[Ljava/lang/Object; @ 35 c2

Classes redefined (0 events):
No events

Internal exceptions (4 events):
Event: 0.156 Thread 0x00007f45f4011800 Exception <a 'java/lang/NoSuchMethodError'{0x00000006293cb9a8}: java.lang.invoke.DirectMethodHandle$Holder.invokeSpecialIFC(Ljava/lang/Object;Ljava/lang/Object;I)I> (0x00000006293cb9a8) thrown at [/opt/mach5/mesos/work_dir/slaves/fcf4c0c4-d73e-4321-860c-6
Event: 1.217 Thread 0x00007f45f4011800 Exception <a 'java/lang/NoClassDefFoundError'{0x000000062719ea28}: com/google/inject/servlet/ServletModuleTargetVisitor> (0x000000062719ea28) thrown at [/opt/mach5/mesos/work_dir/slaves/fcf4c0c4-d73e-4321-860c-6613427db92b-S2191/frameworks/1735e8a2-a1db-4
Event: 1.217 Thread 0x00007f45f4011800 Exception <a 'java/lang/NoClassDefFoundError'{0x000000062719ea28}> (0x000000062719ea28) thrown at [/opt/mach5/mesos/work_dir/slaves/fcf4c0c4-d73e-4321-860c-6613427db92b-S2191/frameworks/1735e8a2-a1db-478c-8104-60c8b0af87dd-0196/executors/037f43f8-d614-470
Event: 1.217 Thread 0x00007f45f4011800 Exception <a 'java/lang/NoClassDefFoundError'{0x00000006271a1688}: javax/annotation/Priority> (0x00000006271a1688) thrown at [/opt/mach5/mesos/work_dir/slaves/fcf4c0c4-d73e-4321-860c-6613427db92b-S2191/frameworks/1735e8a2-a1db-478c-8104-60c8b0af87dd-0196/

Events (10 events):
Event: 2.040 Thread 0x00007f45f4011800 DEOPT UNPACKING pc=0x00007f45dcc309a5 sp=0x00007f45fd8fbf50 mode 2
Event: 2.060 Thread 0x00007f45f4011800 Uncommon trap: trap_request=0xffffffcc fr.pc=0x00007f45e47e4cec relative=0x00000000000001ac
Event: 2.060 Thread 0x00007f45f4011800 DEOPT PACKING pc=0x00007f45e47e4cec sp=0x00007f45fd8fc1b0
Event: 2.060 Thread 0x00007f45f4011800 DEOPT UNPACKING pc=0x00007f45dcc309a5 sp=0x00007f45fd8fc140 mode 2
Event: 2.064 loading class org/apache/maven/plugin/descriptor/DuplicateParameterException
Event: 2.064 loading class org/apache/maven/plugin/descriptor/DuplicateParameterException done
Event: 2.065 loading class org/apache/maven/plugin/descriptor/Parameter
Event: 2.065 loading class org/apache/maven/plugin/descriptor/Parameter done
Event: 2.066 loading class org/codehaus/plexus/component/repository/ComponentRequirement
Event: 2.066 loading class org/codehaus/plexus/component/repository/ComponentRequirement done


Dynamic libraries:
00400000-00401000 r-xp 00000000 08:02 22544556                           /usr/lib/jvm/jdk-11.0.5/bin/java
00600000-00601000 r--p 00000000 08:02 22544556                           /usr/lib/jvm/jdk-11.0.5/bin/java
00601000-00602000 rw-p 00001000 08:02 22544556                           /usr/lib/jvm/jdk-11.0.5/bin/java
01d61000-01d82000 rw-p 00000000 00:00 0                                  [heap]
609e00000-629600000 rw-p 00000000 00:00 0 
629600000-800000000 ---p 00000000 00:00 0 
800000000-800260000 rw-p 00000000 00:00 0 
800260000-840000000 ---p 00000000 00:00 0 
7f455c000000-7f455c021000 rw-p 00000000 00:00 0 
7f455c021000-7f4560000000 ---p 00000000 00:00 0 
7f4564000000-7f4564021000 rw-p 00000000 00:00 0 
7f4564021000-7f4568000000 ---p 00000000 00:00 0 
7f4568000000-7f4568021000 rw-p 00000000 00:00 0 
7f4568021000-7f456c000000 ---p 00000000 00:00 0 
7f456c000000-7f456c021000 rw-p 00000000 00:00 0 
7f456c021000-7f4570000000 ---p 00000000 00:00 0 
7f4570000000-7f4570021000 rw-p 00000000 00:00 0 
7f4570021000-7f4574000000 ---p 00000000 00:00 0 
7f4574000000-7f4574021000 rw-p 00000000 00:00 0 
7f4574021000-7f4578000000 ---p 00000000 00:00 0 
7f4578000000-7f4578021000 rw-p 00000000 00:00 0 
7f4578021000-7f457c000000 ---p 00000000 00:00 0 
7f457c000000-7f457c612000 rw-p 00000000 00:00 0 
7f457c612000-7f4580000000 ---p 00000000 00:00 0 
7f4580000000-7f4580021000 rw-p 00000000 00:00 0 
7f4580021000-7f4584000000 ---p 00000000 00:00 0 
7f4584000000-7f4584021000 rw-p 00000000 00:00 0 
7f4584021000-7f4588000000 ---p 00000000 00:00 0 
7f4588000000-7f45889de000 rw-p 00000000 00:00 0 
7f45889de000-7f458c000000 ---p 00000000 00:00 0 
7f458c000000-7f458c021000 rw-p 00000000 00:00 0 
7f458c021000-7f4590000000 ---p 00000000 00:00 0 
7f4590000000-7f4590021000 rw-p 00000000 00:00 0 
7f4590021000-7f4594000000 ---p 00000000 00:00 0 
7f4594000000-7f4594661000 rw-p 00000000 00:00 0 
7f4594661000-7f4598000000 ---p 00000000 00:00 0 
7f4598000000-7f4598021000 rw-p 00000000 00:00 0 
7f4598021000-7f459c000000 ---p 00000000 00:00 0 
7f459c000000-7f459c021000 rw-p 00000000 00:00 0 
7f459c021000-7f45a0000000 ---p 00000000 00:00 0 
7f45a0000000-7f45a0768000 rw-p 00000000 00:00 0 
7f45a0768000-7f45a4000000 ---p 00000000 00:00 0 
7f45a4000000-7f45a4021000 rw-p 00000000 00:00 0 
7f45a4021000-7f45a8000000 ---p 00000000 00:00 0 
7f45a8000000-7f45a8021000 rw-p 00000000 00:00 0 
7f45a8021000-7f45ac000000 ---p 00000000 00:00 0 
7f45ac000000-7f45ac021000 rw-p 00000000 00:00 0 
7f45ac021000-7f45b0000000 ---p 00000000 00:00 0 
7f45b0000000-7f45b0021000 rw-p 00000000 00:00 0 
7f45b0021000-7f45b4000000 ---p 00000000 00:00 0 
7f45b537f000-7f45b55c3000 rw-p 00000000 00:00 0 
7f45b55c3000-7f45b55c4000 ---p 00000000 00:00 0 
7f45b55c4000-7f45b5744000 rw-p 00000000 00:00 0 
7f45b5744000-7f45b58c4000 ---p 00000000 00:00 0 
7f45b58c4000-7f45b5ac4000 rw-p 00000000 00:00 0 
7f45b5ac4000-7f45b5cc4000 rw-p 00000000 00:00 0 
7f45b5cc4000-7f45b5ec4000 rw-p 00000000 00:00 0 
7f45b5ec4000-7f45b5ec5000 ---p 00000000 00:00 0 
7f45b5ec5000-7f45b5fc5000 rw-p 00000000 00:00 0 
7f45b5fc5000-7f45b5fc6000 ---p 00000000 00:00 0 
7f45b5fc6000-7f45b60c6000 rw-p 00000000 00:00 0 
7f45b60c6000-7f45b60c7000 ---p 00000000 00:00 0 
7f45b60c7000-7f45b61c7000 rw-p 00000000 00:00 0 
7f45b61c7000-7f45b61c8000 ---p 00000000 00:00 0 
7f45b61c8000-7f45b62c8000 rw-p 00000000 00:00 0 
7f45b62c8000-7f45b62c9000 ---p 00000000 00:00 0 
7f45b62c9000-7f45b63c9000 rw-p 00000000 00:00 0 
7f45b63c9000-7f45b63ca000 ---p 00000000 00:00 0 
7f45b63ca000-7f45b64ca000 rw-p 00000000 00:00 0 
7f45b64ca000-7f45b64cb000 ---p 00000000 00:00 0 
7f45b64cb000-7f45b65cb000 rw-p 00000000 00:00 0 
7f45b65cb000-7f45b65cf000 ---p 00000000 00:00 0 
7f45b65cf000-7f45b68cc000 rw-p 00000000 00:00 0 
7f45b68cc000-7f45b68d0000 ---p 00000000 00:00 0 
7f45b68d0000-7f45b6bcd000 rw-p 00000000 00:00 0 
7f45b6bcd000-7f45b6bcf000 r-xp 00000000 08:02 10494103                   /lib/x86_64-linux-gnu/libutil-2.23.so
7f45b6bcf000-7f45b6dce000 ---p 00002000 08:02 10494103                   /lib/x86_64-linux-gnu/libutil-2.23.so
7f45b6dce000-7f45b6dcf000 r--p 00001000 08:02 10494103                   /lib/x86_64-linux-gnu/libutil-2.23.so
7f45b6dcf000-7f45b6dd0000 rw-p 00002000 08:02 10494103                   /lib/x86_64-linux-gnu/libutil-2.23.so
7f45b6dd0000-7f45b6dd3000 r-xp 00000000 08:02 23465532                   /usr/lib/jvm/apache-maven-3.6.3/lib/jansi-native/linux64/libjansi.so
7f45b6dd3000-7f45b6fd2000 ---p 00003000 08:02 23465532                   /usr/lib/jvm/apache-maven-3.6.3/lib/jansi-native/linux64/libjansi.so
7f45b6fd2000-7f45b6fd3000 rw-p 00002000 08:02 23465532                   /usr/lib/jvm/apache-maven-3.6.3/lib/jansi-native/linux64/libjansi.so
7f45b6fd3000-7f45b6fea000 r-xp 00000000 08:02 27135624                   /usr/lib/jvm/jdk-11.0.5/lib/libnet.so
7f45b6fea000-7f45b71e9000 ---p 00017000 08:02 27135624                   /usr/lib/jvm/jdk-11.0.5/lib/libnet.so
7f45b71e9000-7f45b71ea000 r--p 00016000 08:02 27135624                   /usr/lib/jvm/jdk-11.0.5/lib/libnet.so
7f45b71ea000-7f45b71eb000 rw-p 00017000 08:02 27135624                   /usr/lib/jvm/jdk-11.0.5/lib/libnet.so
7f45b71eb000-7f45b71fb000 r-xp 00000000 08:02 27135625                   /usr/lib/jvm/jdk-11.0.5/lib/libnio.so
7f45b71fb000-7f45b73fa000 ---p 00010000 08:02 27135625                   /usr/lib/jvm/jdk-11.0.5/lib/libnio.so
7f45b73fa000-7f45b73fb000 r--p 0000f000 08:02 27135625                   /usr/lib/jvm/jdk-11.0.5/lib/libnio.so
7f45b73fb000-7f45b73fc000 rw-p 00010000 08:02 27135625                   /usr/lib/jvm/jdk-11.0.5/lib/libnio.so
7f45b73fc000-7f45b7400000 ---p 00000000 00:00 0 
7f45b7400000-7f45b74fd000 rw-p 00000000 00:00 0 
7f45b74fd000-7f45b74fe000 ---p 00000000 00:00 0 
7f45b74fe000-7f45b75fe000 rw-p 00000000 00:00 0 
7f45b75fe000-7f45b7602000 ---p 00000000 00:00 0 
7f45b7602000-7f45b76ff000 rw-p 00000000 00:00 0 
7f45b76ff000-7f45b7703000 ---p 00000000 00:00 0 
7f45b7703000-7f45b8000000 rw-p 00000000 00:00 0 
7f45b8000000-7f45b8021000 rw-p 00000000 00:00 0 
7f45b8021000-7f45bc000000 ---p 00000000 00:00 0 
7f45bc000000-7f45bc021000 rw-p 00000000 00:00 0 
7f45bc021000-7f45c0000000 ---p 00000000 00:00 0 
7f45c0000000-7f45c0021000 rw-p 00000000 00:00 0 
7f45c0021000-7f45c4000000 ---p 00000000 00:00 0 
7f45c4083000-7f45c40b4000 rw-p 00000000 00:00 0 
7f45c40b4000-7f45c40b8000 ---p 00000000 00:00 0 
7f45c40b8000-7f45c41b5000 rw-p 00000000 00:00 0 
7f45c41b5000-7f45c41b9000 ---p 00000000 00:00 0 
7f45c41b9000-7f45c42b6000 rw-p 00000000 00:00 0 
7f45c42b6000-7f45c458e000 r--p 00000000 08:02 22414677                   /usr/lib/locale/locale-archive
7f45c458e000-7f45c6d6e000 rw-p 00000000 00:00 0 
7f45c6d6e000-7f45ce316000 ---p 00000000 00:00 0 
7f45ce316000-7f45ceaf6000 rw-p 00000000 00:00 0 
7f45ceaf6000-7f45d609e000 ---p 00000000 00:00 0 
7f45d609e000-7f45d619a000 rw-p 00000000 00:00 0 
7f45d619a000-7f45d704f000 ---p 00000000 00:00 0 
7f45d704f000-7f45d714b000 rw-p 00000000 00:00 0 
7f45d714b000-7f45d8000000 ---p 00000000 00:00 0 
7f45d8000000-7f45d8021000 rw-p 00000000 00:00 0 
7f45d8021000-7f45dc000000 ---p 00000000 00:00 0 
7f45dc021000-7f45dc025000 ---p 00000000 00:00 0 
7f45dc025000-7f45dc122000 rw-p 00000000 00:00 0 
7f45dc122000-7f45dc126000 ---p 00000000 00:00 0 
7f45dc126000-7f45dc223000 rw-p 00000000 00:00 0 
7f45dc223000-7f45dc227000 ---p 00000000 00:00 0 
7f45dc227000-7f45dc324000 rw-p 00000000 00:00 0 
7f45dc324000-7f45dc325000 ---p 00000000 00:00 0 
7f45dc325000-7f45dc501000 rw-p 00000000 00:00 0 
7f45dc501000-7f45dc502000 ---p 00000000 00:00 0 
7f45dc502000-7f45dc602000 rw-p 00000000 00:00 0 
7f45dc602000-7f45dc603000 ---p 00000000 00:00 0 
7f45dc603000-7f45dcc08000 rw-p 00000000 00:00 0 
7f45dcc08000-7f45dce78000 rwxp 00000000 00:00 0 
7f45dce78000-7f45dd199000 ---p 00000000 00:00 0 
7f45dd199000-7f45dd729000 rwxp 00000000 00:00 0 
7f45dd729000-7f45e46d0000 ---p 00000000 00:00 0 
7f45e46d0000-7f45e4940000 rwxp 00000000 00:00 0 
7f45e4940000-7f45ebc08000 ---p 00000000 00:00 0 
7f45ebc08000-7f45f4000000 r--s 00000000 08:02 27135635                   /usr/lib/jvm/jdk-11.0.5/lib/modules
7f45f4000000-7f45f4c5a000 rw-p 00000000 00:00 0 
7f45f4c5a000-7f45f8000000 ---p 00000000 00:00 0 
7f45f801b000-7f45f831e000 rw-p 00000000 00:00 0 
7f45f831e000-7f45f831f000 ---p 00000000 00:00 0 
7f45f831f000-7f45f841f000 rw-p 00000000 00:00 0 
7f45f841f000-7f45f8420000 ---p 00000000 00:00 0 
7f45f8420000-7f45f871f000 rw-p 00000000 00:00 0 
7f45f871f000-7f45f95d4000 ---p 00000000 00:00 0 
7f45f95d4000-7f45f9ddc000 rw-p 00000000 00:00 0 
7f45f9ddc000-7f45f9ddd000 ---p 00000000 00:00 0 
7f45f9ddd000-7f45f9ee2000 rw-p 00000000 00:00 0 
7f45f9ee2000-7f45f9fc8000 ---p 00000000 00:00 0 
7f45f9fc8000-7f45f9fd4000 rw-p 00000000 00:00 0 
7f45f9fd4000-7f45fa0b3000 ---p 00000000 00:00 0 
7f45fa0b3000-7f45fa0ce000 r-xp 00000000 08:02 27135616                   /usr/lib/jvm/jdk-11.0.5/lib/libjimage.so
7f45fa0ce000-7f45fa2cd000 ---p 0001b000 08:02 27135616                   /usr/lib/jvm/jdk-11.0.5/lib/libjimage.so
7f45fa2cd000-7f45fa2cf000 r--p 0001a000 08:02 27135616                   /usr/lib/jvm/jdk-11.0.5/lib/libjimage.so
7f45fa2cf000-7f45fa2d0000 rw-p 0001c000 08:02 27135616                   /usr/lib/jvm/jdk-11.0.5/lib/libjimage.so
7f45fa2d0000-7f45fa2d7000 r-xp 00000000 08:02 27135634                   /usr/lib/jvm/jdk-11.0.5/lib/libzip.so
7f45fa2d7000-7f45fa4d6000 ---p 00007000 08:02 27135634                   /usr/lib/jvm/jdk-11.0.5/lib/libzip.so
7f45fa4d6000-7f45fa4d7000 r--p 00006000 08:02 27135634                   /usr/lib/jvm/jdk-11.0.5/lib/libzip.so
7f45fa4d7000-7f45fa4d8000 rw-p 00007000 08:02 27135634                   /usr/lib/jvm/jdk-11.0.5/lib/libzip.so
7f45fa4d8000-7f45fa4e3000 r-xp 00000000 08:02 10494518                   /lib/x86_64-linux-gnu/libnss_files-2.23.so
7f45fa4e3000-7f45fa6e2000 ---p 0000b000 08:02 10494518                   /lib/x86_64-linux-gnu/libnss_files-2.23.so
7f45fa6e2000-7f45fa6e3000 r--p 0000a000 08:02 10494518                   /lib/x86_64-linux-gnu/libnss_files-2.23.so
7f45fa6e3000-7f45fa6e4000 rw-p 0000b000 08:02 10494518                   /lib/x86_64-linux-gnu/libnss_files-2.23.so
7f45fa6e4000-7f45fa6ea000 rw-p 00000000 00:00 0 
7f45fa6ea000-7f45fa6f5000 r-xp 00000000 08:02 10494526                   /lib/x86_64-linux-gnu/libnss_nis-2.23.so
7f45fa6f5000-7f45fa8f4000 ---p 0000b000 08:02 10494526                   /lib/x86_64-linux-gnu/libnss_nis-2.23.so
7f45fa8f4000-7f45fa8f5000 r--p 0000a000 08:02 10494526                   /lib/x86_64-linux-gnu/libnss_nis-2.23.so
7f45fa8f5000-7f45fa8f6000 rw-p 0000b000 08:02 10494526                   /lib/x86_64-linux-gnu/libnss_nis-2.23.so
7f45fa8f6000-7f45fa90c000 r-xp 00000000 08:02 10494498                   /lib/x86_64-linux-gnu/libnsl-2.23.so
7f45fa90c000-7f45fab0b000 ---p 00016000 08:02 10494498                   /lib/x86_64-linux-gnu/libnsl-2.23.so
7f45fab0b000-7f45fab0c000 r--p 00015000 08:02 10494498                   /lib/x86_64-linux-gnu/libnsl-2.23.so
7f45fab0c000-7f45fab0d000 rw-p 00016000 08:02 10494498                   /lib/x86_64-linux-gnu/libnsl-2.23.so
7f45fab0d000-7f45fab0f000 rw-p 00000000 00:00 0 
7f45fab0f000-7f45fab17000 r-xp 00000000 08:02 10494522                   /lib/x86_64-linux-gnu/libnss_compat-2.23.so
7f45fab17000-7f45fad16000 ---p 00008000 08:02 10494522                   /lib/x86_64-linux-gnu/libnss_compat-2.23.so
7f45fad16000-7f45fad17000 r--p 00007000 08:02 10494522                   /lib/x86_64-linux-gnu/libnss_compat-2.23.so
7f45fad17000-7f45fad18000 rw-p 00008000 08:02 10494522                   /lib/x86_64-linux-gnu/libnss_compat-2.23.so
7f45fad18000-7f45fad41000 r-xp 00000000 08:02 27135612                   /usr/lib/jvm/jdk-11.0.5/lib/libjava.so
7f45fad41000-7f45faf40000 ---p 00029000 08:02 27135612                   /usr/lib/jvm/jdk-11.0.5/lib/libjava.so
7f45faf40000-7f45faf41000 r--p 00028000 08:02 27135612                   /usr/lib/jvm/jdk-11.0.5/lib/libjava.so
7f45faf41000-7f45faf43000 rw-p 00029000 08:02 27135612                   /usr/lib/jvm/jdk-11.0.5/lib/libjava.so
7f45faf43000-7f45faf50000 r-xp 00000000 08:02 27135633                   /usr/lib/jvm/jdk-11.0.5/lib/libverify.so
7f45faf50000-7f45fb14f000 ---p 0000d000 08:02 27135633                   /usr/lib/jvm/jdk-11.0.5/lib/libverify.so
7f45fb14f000-7f45fb151000 r--p 0000c000 08:02 27135633                   /usr/lib/jvm/jdk-11.0.5/lib/libverify.so
7f45fb151000-7f45fb152000 rw-p 0000e000 08:02 27135633                   /usr/lib/jvm/jdk-11.0.5/lib/libverify.so
7f45fb152000-7f45fb159000 r-xp 00000000 08:02 10494532                   /lib/x86_64-linux-gnu/librt-2.23.so
7f45fb159000-7f45fb358000 ---p 00007000 08:02 10494532                   /lib/x86_64-linux-gnu/librt-2.23.so
7f45fb358000-7f45fb359000 r--p 00006000 08:02 10494532                   /lib/x86_64-linux-gnu/librt-2.23.so
7f45fb359000-7f45fb35a000 rw-p 00007000 08:02 10494532                   /lib/x86_64-linux-gnu/librt-2.23.so
7f45fb35a000-7f45fb462000 r-xp 00000000 08:02 10494500                   /lib/x86_64-linux-gnu/libm-2.23.so
7f45fb462000-7f45fb661000 ---p 00108000 08:02 10494500                   /lib/x86_64-linux-gnu/libm-2.23.so
7f45fb661000-7f45fb662000 r--p 00107000 08:02 10494500                   /lib/x86_64-linux-gnu/libm-2.23.so
7f45fb662000-7f45fb663000 rw-p 00108000 08:02 10494500                   /lib/x86_64-linux-gnu/libm-2.23.so
7f45fb663000-7f45fc7a4000 r-xp 00000000 08:02 27135646                   /usr/lib/jvm/jdk-11.0.5/lib/server/libjvm.so
7f45fc7a4000-7f45fc9a4000 ---p 01141000 08:02 27135646                   /usr/lib/jvm/jdk-11.0.5/lib/server/libjvm.so
7f45fc9a4000-7f45fca63000 r--p 01141000 08:02 27135646                   /usr/lib/jvm/jdk-11.0.5/lib/server/libjvm.so
7f45fca63000-7f45fca9c000 rw-p 01200000 08:02 27135646                   /usr/lib/jvm/jdk-11.0.5/lib/server/libjvm.so
7f45fca9c000-7f45fcaf3000 rw-p 00000000 00:00 0 
7f45fcaf3000-7f45fccb3000 r-xp 00000000 08:02 10494107                   /lib/x86_64-linux-gnu/libc-2.23.so
7f45fccb3000-7f45fceb3000 ---p 001c0000 08:02 10494107                   /lib/x86_64-linux-gnu/libc-2.23.so
7f45fceb3000-7f45fceb7000 r--p 001c0000 08:02 10494107                   /lib/x86_64-linux-gnu/libc-2.23.so
7f45fceb7000-7f45fceb9000 rw-p 001c4000 08:02 10494107                   /lib/x86_64-linux-gnu/libc-2.23.so
7f45fceb9000-7f45fcebd000 rw-p 00000000 00:00 0 
7f45fcebd000-7f45fcec0000 r-xp 00000000 08:02 10494099                   /lib/x86_64-linux-gnu/libdl-2.23.so
7f45fcec0000-7f45fd0bf000 ---p 00003000 08:02 10494099                   /lib/x86_64-linux-gnu/libdl-2.23.so
7f45fd0bf000-7f45fd0c0000 r--p 00002000 08:02 10494099                   /lib/x86_64-linux-gnu/libdl-2.23.so
7f45fd0c0000-7f45fd0c1000 rw-p 00003000 08:02 10494099                   /lib/x86_64-linux-gnu/libdl-2.23.so
7f45fd0c1000-7f45fd0d1000 r-xp 00000000 08:02 27135597                   /usr/lib/jvm/jdk-11.0.5/lib/jli/libjli.so
7f45fd0d1000-7f45fd2d0000 ---p 00010000 08:02 27135597                   /usr/lib/jvm/jdk-11.0.5/lib/jli/libjli.so
7f45fd2d0000-7f45fd2d1000 r--p 0000f000 08:02 27135597                   /usr/lib/jvm/jdk-11.0.5/lib/jli/libjli.so
7f45fd2d1000-7f45fd2d2000 rw-p 00010000 08:02 27135597                   /usr/lib/jvm/jdk-11.0.5/lib/jli/libjli.so
7f45fd2d2000-7f45fd2ea000 r-xp 00000000 08:02 10494494                   /lib/x86_64-linux-gnu/libpthread-2.23.so
7f45fd2ea000-7f45fd4e9000 ---p 00018000 08:02 10494494                   /lib/x86_64-linux-gnu/libpthread-2.23.so
7f45fd4e9000-7f45fd4ea000 r--p 00017000 08:02 10494494                   /lib/x86_64-linux-gnu/libpthread-2.23.so
7f45fd4ea000-7f45fd4eb000 rw-p 00018000 08:02 10494494                   /lib/x86_64-linux-gnu/libpthread-2.23.so
7f45fd4eb000-7f45fd4ef000 rw-p 00000000 00:00 0 
7f45fd4ef000-7f45fd508000 r-xp 00000000 08:02 10492077                   /lib/x86_64-linux-gnu/libz.so.1.2.8
7f45fd508000-7f45fd707000 ---p 00019000 08:02 10492077                   /lib/x86_64-linux-gnu/libz.so.1.2.8
7f45fd707000-7f45fd708000 r--p 00018000 08:02 10492077                   /lib/x86_64-linux-gnu/libz.so.1.2.8
7f45fd708000-7f45fd709000 rw-p 00019000 08:02 10492077                   /lib/x86_64-linux-gnu/libz.so.1.2.8
7f45fd709000-7f45fd72f000 r-xp 00000000 08:02 10494514                   /lib/x86_64-linux-gnu/ld-2.23.so
7f45fd755000-7f45fd7fe000 rw-p 00000000 00:00 0 
7f45fd7fe000-7f45fd802000 ---p 00000000 00:00 0 
7f45fd802000-7f45fd904000 rw-p 00000000 00:00 0 
7f45fd918000-7f45fd91d000 rw-p 00000000 00:00 0 
7f45fd91d000-7f45fd924000 ---p 00000000 00:00 0 
7f45fd924000-7f45fd92c000 rw-s 00000000 08:02 19006993                   /tmp/hsperfdata_rob/19668
7f45fd92c000-7f45fd92d000 ---p 00000000 00:00 0 
7f45fd92d000-7f45fd92e000 r--p 00000000 00:00 0 
7f45fd92e000-7f45fd92f000 r--p 00025000 08:02 10494514                   /lib/x86_64-linux-gnu/ld-2.23.so
7f45fd92f000-7f45fd930000 rw-p 00026000 08:02 10494514                   /lib/x86_64-linux-gnu/ld-2.23.so
7f45fd930000-7f45fd931000 rw-p 00000000 00:00 0 
7ffc624d9000-7ffc624fb000 rw-p 00000000 00:00 0                          [stack]
7ffc62512000-7ffc62515000 r--p 00000000 00:00 0                          [vvar]
7ffc62515000-7ffc62517000 r-xp 00000000 00:00 0                          [vdso]
ffffffffff600000-ffffffffff601000 r-xp 00000000 00:00 0                  [vsyscall]


VM Arguments:
jvm_args: -Dclassworlds.conf=/usr/lib/jvm/maven3/bin/m2.conf -Dmaven.home=/usr/lib/jvm/maven3 -Dlibrary.jansi.path=/usr/lib/jvm/maven3/lib/jansi-native -Dmaven.multiModuleProjectDirectory=/home/rob/github/ebean-dir/querybean-generator 
java_command: org.codehaus.plexus.classworlds.launcher.Launcher release:perform
java_class_path (initial): /usr/lib/jvm/maven3/boot/plexus-classworlds-2.6.0.jar
Launcher Type: SUN_STANDARD

[Global flags]
     intx CICompilerCount                          = 4                                         {product} {ergonomic}
     uint ConcGCThreads                            = 2                                         {product} {ergonomic}
     uint G1ConcRefinementThreads                  = 8                                         {product} {ergonomic}
   size_t G1HeapRegionSize                         = 2097152                                   {product} {ergonomic}
    uintx GCDrainStackTargetSize                   = 64                                        {product} {ergonomic}
   size_t InitialHeapSize                          = 528482304                                 {product} {ergonomic}
   size_t MarkStackSize                            = 4194304                                   {product} {ergonomic}
   size_t MaxHeapSize                              = 8424259584                                {product} {ergonomic}
   size_t MaxNewSize                               = 5054136320                                {product} {ergonomic}
   size_t MinHeapDeltaBytes                        = 2097152                                   {product} {ergonomic}
    uintx NonNMethodCodeHeapSize                   = 5836300                                {pd product} {ergonomic}
    uintx NonProfiledCodeHeapSize                  = 122910970                              {pd product} {ergonomic}
    uintx ProfiledCodeHeapSize                     = 122910970                              {pd product} {ergonomic}
    uintx ReservedCodeCacheSize                    = 251658240                              {pd product} {ergonomic}
     bool SegmentedCodeCache                       = true                                      {product} {ergonomic}
     bool UseCompressedClassPointers               = true                                 {lp64_product} {ergonomic}
     bool UseCompressedOops                        = true                                 {lp64_product} {ergonomic}
     bool UseG1GC                                  = true                                      {product} {ergonomic}

Logging:
Log output configuration:
 #0: stdout all=warning uptime,level,tags
 #1: stderr all=off uptime,level,tags

Environment Variables:
JAVA_HOME=/usr/lib/jvm/jdk11
PATH=/home/rob/.sdkman/candidates/micronaut/current/bin:/home/rob/.sdkman/candidates/gradle/current/bin:/home/rob/bin:/home/rob/.local/bin:/usr/local/sbin:/usr/local/bin:/usr/sbin:/usr/bin:/sbin:/bin:/usr/games:/usr/local/games
USERNAME=rob
SHELL=/bin/bash
DISPLAY=:0

Signal Handlers:
SIGSEGV: [libjvm.so+0xe2d360], sa_mask[0]=11111111011111111101111111111110, sa_flags=SA_RESTART|SA_SIGINFO
SIGBUS: [libjvm.so+0xe2d360], sa_mask[0]=11111111011111111101111111111110, sa_flags=SA_RESTART|SA_SIGINFO
SIGFPE: [libjvm.so+0xe2d360], sa_mask[0]=11111111011111111101111111111110, sa_flags=SA_RESTART|SA_SIGINFO
SIGPIPE: [libjvm.so+0xc00e80], sa_mask[0]=11111111011111111101111111111110, sa_flags=SA_RESTART|SA_SIGINFO
SIGXFSZ: [libjvm.so+0xc00e80], sa_mask[0]=11111111011111111101111111111110, sa_flags=SA_RESTART|SA_SIGINFO
SIGILL: [libjvm.so+0xe2d360], sa_mask[0]=11111111011111111101111111111110, sa_flags=SA_RESTART|SA_SIGINFO
SIGUSR2: [libjvm.so+0xc00d20], sa_mask[0]=00000000000000000000000000000000, sa_flags=SA_RESTART|SA_SIGINFO
SIGHUP: [libjvm.so+0xc01080], sa_mask[0]=11111111011111111101111111111110, sa_flags=SA_RESTART|SA_SIGINFO
SIGINT: [libjvm.so+0xc01080], sa_mask[0]=11111111011111111101111111111110, sa_flags=SA_RESTART|SA_SIGINFO
SIGTERM: [libjvm.so+0xc01080], sa_mask[0]=11111111011111111101111111111110, sa_flags=SA_RESTART|SA_SIGINFO
SIGQUIT: [libjvm.so+0xc01080], sa_mask[0]=11111111011111111101111111111110, sa_flags=SA_RESTART|SA_SIGINFO


---------------  S Y S T E M  ---------------

OS:DISTRIB_ID=LinuxMint
DISTRIB_RELEASE=18.1
DISTRIB_CODENAME=serena
DISTRIB_DESCRIPTION="Linux Mint 18.1 Serena"
uname:Linux 4.4.0-141-generic #167-Ubuntu SMP Wed Dec 5 10:40:15 UTC 2018 x86_64
libc:glibc 2.23 NPTL 2.23 
rlimit: STACK 8192k, CORE 0k, NPROC 128246, NOFILE 1048576, AS infinity, DATA infinity, FSIZE infinity
load average:5.64 3.39 2.16

/proc/meminfo:
MemTotal:       32899148 kB
MemFree:        11105620 kB
MemAvailable:   18592668 kB
Buffers:         2006636 kB
Cached:          5905444 kB
SwapCached:            0 kB
Active:         17178432 kB
Inactive:        3105164 kB
Active(anon):   12419116 kB
Inactive(anon):   967540 kB
Active(file):    4759316 kB
Inactive(file):  2137624 kB
Unevictable:         192 kB
Mlocked:             192 kB
SwapTotal:      33505276 kB
SwapFree:       33505276 kB
Dirty:              8620 kB
Writeback:             0 kB
AnonPages:      12371232 kB
Mapped:          1793544 kB
Shmem:           1014576 kB
Slab:            1099616 kB
SReclaimable:     994956 kB
SUnreclaim:       104660 kB
KernelStack:       28224 kB
PageTables:       118828 kB
NFS_Unstable:          0 kB
Bounce:                0 kB
WritebackTmp:          0 kB
CommitLimit:    49954848 kB
Committed_AS:   28087992 kB
VmallocTotal:   34359738367 kB
VmallocUsed:           0 kB
VmallocChunk:          0 kB
HardwareCorrupted:     0 kB
AnonHugePages:         0 kB
CmaTotal:              0 kB
CmaFree:               0 kB
HugePages_Total:       0
HugePages_Free:        0
HugePages_Rsvd:        0
HugePages_Surp:        0
Hugepagesize:       2048 kB
DirectMap4k:      519764 kB
DirectMap2M:    19355648 kB
DirectMap1G:    14680064 kB


/proc/sys/kernel/threads-max (system-wide limit on the number of threads):
256493


/proc/sys/vm/max_map_count (maximum number of memory map areas a process may have):
262144


/proc/sys/kernel/pid_max (system-wide limit on number of process identifiers):
32768



container (cgroup) information:
container_type: cgroupv1
cpu_cpuset_cpus: 0-7
cpu_memory_nodes: 0
active_processor_count: 8
cpu_quota: -1
cpu_period: 100000
cpu_shares: -1
memory_limit_in_bytes: -1
memory_and_swap_limit_in_bytes: -2
memory_soft_limit_in_bytes: -1
memory_usage_in_bytes: 17292181504
memory_max_usage_in_bytes: 19372400640


CPU:total 8 (initial active 8) (4 cores per cpu, 2 threads per core) family 6 model 158 stepping 9, cmov, cx8, fxsr, mmx, sse, sse2, sse3, ssse3, sse4.1, sse4.2, popcnt, avx, avx2, aes, clmul, erms, 3dnowpref, lzcnt, ht, tsc, tscinvbit, bmi1, bmi2, adx, fma
CPU Model and flags from /proc/cpuinfo:
model name	: Intel(R) Core(TM) i7-7700HQ CPU @ 2.80GHz
flags		: fpu vme de pse tsc msr pae mce cx8 apic sep mtrr pge mca cmov pat pse36 clflush dts acpi mmx fxsr sse sse2 ss ht tm pbe syscall nx pdpe1gb rdtscp lm constant_tsc art arch_perfmon pebs bts rep_good nopl xtopology nonstop_tsc aperfmperf pni pclmulqdq dtes64 monitor ds_cpl vmx est tm2 ssse3 sdbg fma cx16 xtpr pdcm pcid sse4_1 sse4_2 x2apic movbe popcnt tsc_deadline_timer aes xsave avx f16c rdrand lahf_lm abm 3dnowprefetch epb invpcid_single intel_pt kaiser tpr_shadow vnmi flexpriority ept vpid fsgsbase tsc_adjust bmi1 avx2 smep bmi2 erms invpcid mpx rdseed adx smap clflushopt xsaveopt xsavec xgetbv1 dtherm ida arat pln pts hwp hwp_notify hwp_act_window hwp_epp

Memory: 4k page, physical 32899148k(11108540k free), swap 33505276k(33505276k free)

vm_info: Java HotSpot(TM) 64-Bit Server VM (11.0.5+10-LTS) for linux-amd64 JRE (11.0.5+10-LTS), built on Oct  6 2019 11:44:08 by "mach5one" with gcc 7.3.0

END.
